Start testing: Jun 19 10:03 UTC
----------------------------------------------------------
19/20 Testing: test_constexpr_cmath_cpp
19/20 Test: test_constexpr_cmath_cpp
Command: "/home/runner/work/FusedKernelLibrary/FusedKernelLibrary/build/bin/test_constexpr_cmath_cpp"
Directory: /home/runner/work/FusedKernelLibrary/FusedKernelLibrary/build/tests
"test_constexpr_cmath_cpp" start time: Jun 19 10:03 UTC
Output:
----------------------------------------------------------
<end of output>
Test time =   0.00 sec
----------------------------------------------------------
Test Passed.
"test_constexpr_cmath_cpp" end time: Jun 19 10:03 UTC
"test_constexpr_cmath_cpp" time elapsed: 00:00:00
----------------------------------------------------------

End testing: Jun 19 10:03 UTC
