Start testing: Jun 19 09:56 UTC
----------------------------------------------------------
1/19 Testing: test_batchresize_build_cpp
1/19 Test: test_batchresize_build_cpp
Command: "/home/runner/work/FusedKernelLibrary/FusedKernelLibrary/build/bin/test_batchresize_build_cpp"
Directory: /home/runner/work/FusedKernelLibrary/FusedKernelLibrary/build/tests
"test_batchresize_build_cpp" start time: Jun 19 09:56 UTC
Output:
----------------------------------------------------------
<end of output>
Test time =   0.00 sec
----------------------------------------------------------
Test Passed.
"test_batchresize_build_cpp" end time: Jun 19 09:56 UTC
"test_batchresize_build_cpp" time elapsed: 00:00:00
----------------------------------------------------------

2/19 Testing: test_border_reader_cpp
2/19 Test: test_border_reader_cpp
Command: "/home/runner/work/FusedKernelLibrary/FusedKernelLibrary/build/bin/test_border_reader_cpp"
Directory: /home/runner/work/FusedKernelLibrary/FusedKernelLibrary/build/tests
"test_border_reader_cpp" start time: Jun 19 09:56 UTC
Output:
----------------------------------------------------------
<end of output>
Test time =   0.00 sec
----------------------------------------------------------
Test Passed.
"test_border_reader_cpp" end time: Jun 19 09:56 UTC
"test_border_reader_cpp" time elapsed: 00:00:00
----------------------------------------------------------

3/19 Testing: test_crop_cpp
3/19 Test: test_crop_cpp
Command: "/home/runner/work/FusedKernelLibrary/FusedKernelLibrary/build/bin/test_crop_cpp"
Directory: /home/runner/work/FusedKernelLibrary/FusedKernelLibrary/build/tests
"test_crop_cpp" start time: Jun 19 09:56 UTC
Output:
----------------------------------------------------------
<end of output>
Test time =   0.00 sec
----------------------------------------------------------
Test Passed.
"test_crop_cpp" end time: Jun 19 09:56 UTC
"test_crop_cpp" time elapsed: 00:00:00
----------------------------------------------------------

4/19 Testing: test_warp_cpp
4/19 Test: test_warp_cpp
Command: "/home/runner/work/FusedKernelLibrary/FusedKernelLibrary/build/bin/test_warp_cpp"
Directory: /home/runner/work/FusedKernelLibrary/FusedKernelLibrary/build/tests
"test_warp_cpp" start time: Jun 19 09:56 UTC
Output:
----------------------------------------------------------
<end of output>
Test time =   0.00 sec
----------------------------------------------------------
Test Passed.
"test_warp_cpp" end time: Jun 19 09:56 UTC
"test_warp_cpp" time elapsed: 00:00:00
----------------------------------------------------------

5/19 Testing: basic_test_cpp
5/19 Test: basic_test_cpp
Command: "/home/runner/work/FusedKernelLibrary/FusedKernelLibrary/build/bin/basic_test_cpp"
Directory: /home/runner/work/FusedKernelLibrary/FusedKernelLibrary/build/tests
"basic_test_cpp" start time: Jun 19 09:56 UTC
Output:
----------------------------------------------------------
cuda_transform executed!!
<end of output>
Test time =  32.25 sec
----------------------------------------------------------
Test Passed.
"basic_test_cpp" end time: Jun 19 09:56 UTC
"basic_test_cpp" time elapsed: 00:00:32
----------------------------------------------------------

6/19 Testing: test_ptr_nd_cpp
6/19 Test: test_ptr_nd_cpp
Command: "/home/runner/work/FusedKernelLibrary/FusedKernelLibrary/build/bin/test_ptr_nd_cpp"
Directory: /home/runner/work/FusedKernelLibrary/FusedKernelLibrary/build/tests
"test_ptr_nd_cpp" start time: Jun 19 09:56 UTC
Output:
----------------------------------------------------------
<end of output>
Test time =   0.00 sec
----------------------------------------------------------
Test Passed.
"test_ptr_nd_cpp" end time: Jun 19 09:56 UTC
"test_ptr_nd_cpp" time elapsed: 00:00:00
----------------------------------------------------------

7/19 Testing: test_rect_cpp
7/19 Test: test_rect_cpp
Command: "/home/runner/work/FusedKernelLibrary/FusedKernelLibrary/build/bin/test_rect_cpp"
Directory: /home/runner/work/FusedKernelLibrary/FusedKernelLibrary/build/tests
"test_rect_cpp" start time: Jun 19 09:56 UTC
Output:
----------------------------------------------------------
<end of output>
Test time =   0.00 sec
----------------------------------------------------------
Test Passed.
"test_rect_cpp" end time: Jun 19 09:56 UTC
"test_rect_cpp" time elapsed: 00:00:00
----------------------------------------------------------

8/19 Testing: test_tuple_cpp
8/19 Test: test_tuple_cpp
Command: "/home/runner/work/FusedKernelLibrary/FusedKernelLibrary/build/bin/test_tuple_cpp"
Directory: /home/runner/work/FusedKernelLibrary/FusedKernelLibrary/build/tests
"test_tuple_cpp" start time: Jun 19 09:56 UTC
Output:
----------------------------------------------------------
test_tuple Passed!!
<end of output>
Test time =   0.00 sec
----------------------------------------------------------
Test Passed.
"test_tuple_cpp" end time: Jun 19 09:56 UTC
"test_tuple_cpp" time elapsed: 00:00:00
----------------------------------------------------------

9/19 Testing: test_typelist_cpp
9/19 Test: test_typelist_cpp
Command: "/home/runner/work/FusedKernelLibrary/FusedKernelLibrary/build/bin/test_typelist_cpp"
Directory: /home/runner/work/FusedKernelLibrary/FusedKernelLibrary/build/tests
"test_typelist_cpp" start time: Jun 19 09:56 UTC
Output:
----------------------------------------------------------
<end of output>
Test time =   0.00 sec
----------------------------------------------------------
Test Passed.
"test_typelist_cpp" end time: Jun 19 09:56 UTC
"test_typelist_cpp" time elapsed: 00:00:00
----------------------------------------------------------

10/19 Testing: readme_test_code_cpp
10/19 Test: readme_test_code_cpp
Command: "/home/runner/work/FusedKernelLibrary/FusedKernelLibrary/build/bin/readme_test_code_cpp"
Directory: /home/runner/work/FusedKernelLibrary/FusedKernelLibrary/build/tests
"readme_test_code_cpp" start time: Jun 19 09:56 UTC
Output:
----------------------------------------------------------
<end of output>
Test time =   0.02 sec
----------------------------------------------------------
Test Passed.
"readme_test_code_cpp" end time: Jun 19 09:56 UTC
"readme_test_code_cpp" time elapsed: 00:00:00
----------------------------------------------------------

11/19 Testing: test_filtered_index_sequence_cpp
11/19 Test: test_filtered_index_sequence_cpp
Command: "/home/runner/work/FusedKernelLibrary/FusedKernelLibrary/build/bin/test_filtered_index_sequence_cpp"
Directory: /home/runner/work/FusedKernelLibrary/FusedKernelLibrary/build/tests
"test_filtered_index_sequence_cpp" start time: Jun 19 09:56 UTC
Output:
----------------------------------------------------------
<end of output>
Test time =   0.00 sec
----------------------------------------------------------
Test Passed.
"test_filtered_index_sequence_cpp" end time: Jun 19 09:56 UTC
"test_filtered_index_sequence_cpp" time elapsed: 00:00:00
----------------------------------------------------------

12/19 Testing: test_fused_operation_cpp
12/19 Test: test_fused_operation_cpp
Command: "/home/runner/work/FusedKernelLibrary/FusedKernelLibrary/build/bin/test_fused_operation_cpp"
Directory: /home/runner/work/FusedKernelLibrary/FusedKernelLibrary/build/tests
"test_fused_operation_cpp" start time: Jun 19 09:56 UTC
Output:
----------------------------------------------------------
<end of output>
Test time =   0.00 sec
----------------------------------------------------------
Test Passed.
"test_fused_operation_cpp" end time: Jun 19 09:56 UTC
"test_fused_operation_cpp" time elapsed: 00:00:00
----------------------------------------------------------

13/19 Testing: test_instantiable_operations_cpp
13/19 Test: test_instantiable_operations_cpp
Command: "/home/runner/work/FusedKernelLibrary/FusedKernelLibrary/build/bin/test_instantiable_operations_cpp"
Directory: /home/runner/work/FusedKernelLibrary/FusedKernelLibrary/build/tests
"test_instantiable_operations_cpp" start time: Jun 19 09:56 UTC
Output:
----------------------------------------------------------
<end of output>
Test time =   0.00 sec
----------------------------------------------------------
Test Passed.
"test_instantiable_operations_cpp" end time: Jun 19 09:56 UTC
"test_instantiable_operations_cpp" time elapsed: 00:00:00
----------------------------------------------------------

14/19 Testing: test_operation_fuser_cpp
14/19 Test: test_operation_fuser_cpp
Command: "/home/runner/work/FusedKernelLibrary/FusedKernelLibrary/build/bin/test_operation_fuser_cpp"
Directory: /home/runner/work/FusedKernelLibrary/FusedKernelLibrary/build/tests
"test_operation_fuser_cpp" start time: Jun 19 09:56 UTC
Output:
----------------------------------------------------------
<end of output>
Test time =   0.00 sec
----------------------------------------------------------
Test Passed.
"test_operation_fuser_cpp" end time: Jun 19 09:56 UTC
"test_operation_fuser_cpp" time elapsed: 00:00:00
----------------------------------------------------------

15/19 Testing: test_operation_tuple_cpp
15/19 Test: test_operation_tuple_cpp
Command: "/home/runner/work/FusedKernelLibrary/FusedKernelLibrary/build/bin/test_operation_tuple_cpp"
Directory: /home/runner/work/FusedKernelLibrary/FusedKernelLibrary/build/tests
"test_operation_tuple_cpp" start time: Jun 19 09:56 UTC
Output:
----------------------------------------------------------
<end of output>
Test time =   0.00 sec
----------------------------------------------------------
Test Passed.
"test_operation_tuple_cpp" end time: Jun 19 09:56 UTC
"test_operation_tuple_cpp" time elapsed: 00:00:00
----------------------------------------------------------

16/19 Testing: test_operation_types_cpp
16/19 Test: test_operation_types_cpp
Command: "/home/runner/work/FusedKernelLibrary/FusedKernelLibrary/build/bin/test_operation_types_cpp"
Directory: /home/runner/work/FusedKernelLibrary/FusedKernelLibrary/build/tests
"test_operation_types_cpp" start time: Jun 19 09:56 UTC
Output:
----------------------------------------------------------
<end of output>
Test time =   0.00 sec
----------------------------------------------------------
Test Passed.
"test_operation_types_cpp" end time: Jun 19 09:56 UTC
"test_operation_types_cpp" time elapsed: 00:00:00
----------------------------------------------------------

17/19 Testing: test_thread_fusion_cpp
17/19 Test: test_thread_fusion_cpp
Command: "/home/runner/work/FusedKernelLibrary/FusedKernelLibrary/build/bin/test_thread_fusion_cpp"
Directory: /home/runner/work/FusedKernelLibrary/FusedKernelLibrary/build/tests
"test_thread_fusion_cpp" start time: Jun 19 09:56 UTC
Output:
----------------------------------------------------------
<end of output>
Test time =   0.00 sec
----------------------------------------------------------
Test Passed.
"test_thread_fusion_cpp" end time: Jun 19 09:56 UTC
"test_thread_fusion_cpp" time elapsed: 00:00:00
----------------------------------------------------------

18/19 Testing: test_VBase_cpp
18/19 Test: test_VBase_cpp
Command: "/home/runner/work/FusedKernelLibrary/FusedKernelLibrary/build/bin/test_VBase_cpp"
Directory: /home/runner/work/FusedKernelLibrary/FusedKernelLibrary/build/tests
"test_VBase_cpp" start time: Jun 19 09:56 UTC
Output:
----------------------------------------------------------
<end of output>
Test time =   0.00 sec
----------------------------------------------------------
Test Passed.
"test_VBase_cpp" end time: Jun 19 09:56 UTC
"test_VBase_cpp" time elapsed: 00:00:00
----------------------------------------------------------

19/19 Testing: test_saturate_cpp
19/19 Test: test_saturate_cpp
Command: "/home/runner/work/FusedKernelLibrary/FusedKernelLibrary/build/bin/test_saturate_cpp"
Directory: /home/runner/work/FusedKernelLibrary/FusedKernelLibrary/build/utests
"test_saturate_cpp" start time: Jun 19 09:56 UTC
Output:
----------------------------------------------------------
Running test for [1;33mTestfk::SaturateCast_char_char[1;33m: [32mSuccess!![0m
Running test for [1;33mTestfk::SaturateCast_char_double[1;33m: [32mSuccess!![0m
Running test for [1;33mTestfk::SaturateCast_char_float[1;33m: [32mSuccess!![0m
Running test for [1;33mTestfk::SaturateCast_char_int[1;33m: [32mSuccess!![0m
Running test for [1;33mTestfk::SaturateCast_char_long[1;33m: [32mSuccess!![0m
Running test for [1;33mTestfk::SaturateCast_char_long long[1;33m: [32mSuccess!![0m
Running test for [1;33mTestfk::SaturateCast_char_short[1;33m: [32mSuccess!![0m
Running test for [1;33mTestfk::SaturateCast_char_uchar[1;33m: [32mSuccess!![0m
Running test for [1;33mTestfk::SaturateCast_char_uint[1;33m: [32mSuccess!![0m
Running test for [1;33mTestfk::SaturateCast_char_ulong[1;33m: [32mSuccess!![0m
Running test for [1;33mTestfk::SaturateCast_char_unsigned long long[1;33m: [32mSuccess!![0m
Running test for [1;33mTestfk::SaturateCast_char_ushort[1;33m: [32mSuccess!![0m
Running test for [1;33mTestfk::SaturateCast_double_char[1;33m: [32mSuccess!![0m
Running test for [1;33mTestfk::SaturateCast_double_double[1;33m: [32mSuccess!![0m
Running test for [1;33mTestfk::SaturateCast_double_float[1;33m: [32mSuccess!![0m
Running test for [1;33mTestfk::SaturateCast_double_int[1;33m: [32mSuccess!![0m
Running test for [1;33mTestfk::SaturateCast_double_long[1;33m: [32mSuccess!![0m
Running test for [1;33mTestfk::SaturateCast_double_long long[1;33m: [32mSuccess!![0m
Running test for [1;33mTestfk::SaturateCast_double_short[1;33m: [32mSuccess!![0m
Running test for [1;33mTestfk::SaturateCast_double_uchar[1;33m: [32mSuccess!![0m
Running test for [1;33mTestfk::SaturateCast_double_uint[1;33m: [32mSuccess!![0m
Running test for [1;33mTestfk::SaturateCast_double_ulong[1;33m: [32mSuccess!![0m
Running test for [1;33mTestfk::SaturateCast_double_unsigned long long[1;33m: [32mSuccess!![0m
Running test for [1;33mTestfk::SaturateCast_double_ushort[1;33m: [32mSuccess!![0m
Running test for [1;33mTestfk::SaturateCast_fk::Char1_fk::Char1[1;33m: [32mSuccess!![0m
Running test for [1;33mTestfk::SaturateCast_fk::Char1_fk::Double1[1;33m: [32mSuccess!![0m
Running test for [1;33mTestfk::SaturateCast_fk::Char1_fk::Float1[1;33m: [32mSuccess!![0m
Running test for [1;33mTestfk::SaturateCast_fk::Char1_fk::Int1[1;33m: [32mSuccess!![0m
Running test for [1;33mTestfk::SaturateCast_fk::Char1_fk::Long1[1;33m: [32mSuccess!![0m
Running test for [1;33mTestfk::SaturateCast_fk::Char1_fk::Longlong1[1;33m: [32mSuccess!![0m
Running test for [1;33mTestfk::SaturateCast_fk::Char1_fk::Short1[1;33m: [32mSuccess!![0m
Running test for [1;33mTestfk::SaturateCast_fk::Char1_fk::Uchar1[1;33m: [32mSuccess!![0m
Running test for [1;33mTestfk::SaturateCast_fk::Char1_fk::Uint1[1;33m: [32mSuccess!![0m
Running test for [1;33mTestfk::SaturateCast_fk::Char1_fk::Ulong1[1;33m: [32mSuccess!![0m
Running test for [1;33mTestfk::SaturateCast_fk::Char1_fk::Ulonglong1[1;33m: [32mSuccess!![0m
Running test for [1;33mTestfk::SaturateCast_fk::Char1_fk::Ushort1[1;33m: [32mSuccess!![0m
Running test for [1;33mTestfk::SaturateCast_fk::Char2_fk::Char2[1;33m: [32mSuccess!![0m
Running test for [1;33mTestfk::SaturateCast_fk::Char2_fk::Double2[1;33m: [32mSuccess!![0m
Running test for [1;33mTestfk::SaturateCast_fk::Char2_fk::Float2[1;33m: [32mSuccess!![0m
Running test for [1;33mTestfk::SaturateCast_fk::Char2_fk::Int2[1;33m: [32mSuccess!![0m
Running test for [1;33mTestfk::SaturateCast_fk::Char2_fk::Long2[1;33m: [32mSuccess!![0m
Running test for [1;33mTestfk::SaturateCast_fk::Char2_fk::Longlong2[1;33m: [32mSuccess!![0m
Running test for [1;33mTestfk::SaturateCast_fk::Char2_fk::Short2[1;33m: [32mSuccess!![0m
Running test for [1;33mTestfk::SaturateCast_fk::Char2_fk::Uchar2[1;33m: [32mSuccess!![0m
Running test for [1;33mTestfk::SaturateCast_fk::Char2_fk::Uint2[1;33m: [32mSuccess!![0m
Running test for [1;33mTestfk::SaturateCast_fk::Char2_fk::Ulong2[1;33m: [32mSuccess!![0m
Running test for [1;33mTestfk::SaturateCast_fk::Char2_fk::Ulonglong2[1;33m: [32mSuccess!![0m
Running test for [1;33mTestfk::SaturateCast_fk::Char2_fk::Ushort2[1;33m: [32mSuccess!![0m
Running test for [1;33mTestfk::SaturateCast_fk::Char3_fk::Char3[1;33m: [32mSuccess!![0m
Running test for [1;33mTestfk::SaturateCast_fk::Char3_fk::Double3[1;33m: [32mSuccess!![0m
Running test for [1;33mTestfk::SaturateCast_fk::Char3_fk::Float3[1;33m: [32mSuccess!![0m
Running test for [1;33mTestfk::SaturateCast_fk::Char3_fk::Int3[1;33m: [32mSuccess!![0m
Running test for [1;33mTestfk::SaturateCast_fk::Char3_fk::Long3[1;33m: [32mSuccess!![0m
Running test for [1;33mTestfk::SaturateCast_fk::Char3_fk::Longlong3[1;33m: [32mSuccess!![0m
Running test for [1;33mTestfk::SaturateCast_fk::Char3_fk::Short3[1;33m: [32mSuccess!![0m
Running test for [1;33mTestfk::SaturateCast_fk::Char3_fk::Uchar3[1;33m: [32mSuccess!![0m
Running test for [1;33mTestfk::SaturateCast_fk::Char3_fk::Uint3[1;33m: [32mSuccess!![0m
Running test for [1;33mTestfk::SaturateCast_fk::Char3_fk::Ulong3[1;33m: [32mSuccess!![0m
Running test for [1;33mTestfk::SaturateCast_fk::Char3_fk::Ulonglong3[1;33m: [32mSuccess!![0m
Running test for [1;33mTestfk::SaturateCast_fk::Char3_fk::Ushort3[1;33m: [32mSuccess!![0m
Running test for [1;33mTestfk::SaturateCast_fk::Char4_fk::Char4[1;33m: [32mSuccess!![0m
Running test for [1;33mTestfk::SaturateCast_fk::Char4_fk::Double4[1;33m: [32mSuccess!![0m
Running test for [1;33mTestfk::SaturateCast_fk::Char4_fk::Float4[1;33m: [32mSuccess!![0m
Running test for [1;33mTestfk::SaturateCast_fk::Char4_fk::Int4[1;33m: [32mSuccess!![0m
Running test for [1;33mTestfk::SaturateCast_fk::Char4_fk::Long4[1;33m: [32mSuccess!![0m
Running test for [1;33mTestfk::SaturateCast_fk::Char4_fk::Longlong4[1;33m: [32mSuccess!![0m
Running test for [1;33mTestfk::SaturateCast_fk::Char4_fk::Short4[1;33m: [32mSuccess!![0m
Running test for [1;33mTestfk::SaturateCast_fk::Char4_fk::Uchar4[1;33m: [32mSuccess!![0m
Running test for [1;33mTestfk::SaturateCast_fk::Char4_fk::Uint4[1;33m: [32mSuccess!![0m
Running test for [1;33mTestfk::SaturateCast_fk::Char4_fk::Ulong4[1;33m: [32mSuccess!![0m
Running test for [1;33mTestfk::SaturateCast_fk::Char4_fk::Ulonglong4[1;33m: [32mSuccess!![0m
Running test for [1;33mTestfk::SaturateCast_fk::Char4_fk::Ushort4[1;33m: [32mSuccess!![0m
Running test for [1;33mTestfk::SaturateCast_fk::Double1_fk::Char1[1;33m: [32mSuccess!![0m
Running test for [1;33mTestfk::SaturateCast_fk::Double1_fk::Double1[1;33m: [32mSuccess!![0m
Running test for [1;33mTestfk::SaturateCast_fk::Double1_fk::Float1[1;33m: [32mSuccess!![0m
Running test for [1;33mTestfk::SaturateCast_fk::Double1_fk::Int1[1;33m: [32mSuccess!![0m
Running test for [1;33mTestfk::SaturateCast_fk::Double1_fk::Long1[1;33m: [32mSuccess!![0m
Running test for [1;33mTestfk::SaturateCast_fk::Double1_fk::Longlong1[1;33m: [32mSuccess!![0m
Running test for [1;33mTestfk::SaturateCast_fk::Double1_fk::Short1[1;33m: [32mSuccess!![0m
Running test for [1;33mTestfk::SaturateCast_fk::Double1_fk::Uchar1[1;33m: [32mSuccess!![0m
Running test for [1;33mTestfk::SaturateCast_fk::Double1_fk::Uint1[1;33m: [32mSuccess!![0m
Running test for [1;33mTestfk::SaturateCast_fk::Double1_fk::Ulong1[1;33m: [32mSuccess!![0m
Running test for [1;33mTestfk::SaturateCast_fk::Double1_fk::Ulonglong1[1;33m: [32mSuccess!![0m
Running test for [1;33mTestfk::SaturateCast_fk::Double1_fk::Ushort1[1;33m: [32mSuccess!![0m
Running test for [1;33mTestfk::SaturateCast_fk::Double2_fk::Char2[1;33m: [32mSuccess!![0m
Running test for [1;33mTestfk::SaturateCast_fk::Double2_fk::Double2[1;33m: [32mSuccess!![0m
Running test for [1;33mTestfk::SaturateCast_fk::Double2_fk::Float2[1;33m: [32mSuccess!![0m
Running test for [1;33mTestfk::SaturateCast_fk::Double2_fk::Int2[1;33m: [32mSuccess!![0m
Running test for [1;33mTestfk::SaturateCast_fk::Double2_fk::Long2[1;33m: [32mSuccess!![0m
Running test for [1;33mTestfk::SaturateCast_fk::Double2_fk::Longlong2[1;33m: [32mSuccess!![0m
Running test for [1;33mTestfk::SaturateCast_fk::Double2_fk::Short2[1;33m: [32mSuccess!![0m
Running test for [1;33mTestfk::SaturateCast_fk::Double2_fk::Uchar2[1;33m: [32mSuccess!![0m
Running test for [1;33mTestfk::SaturateCast_fk::Double2_fk::Uint2[1;33m: [32mSuccess!![0m
Running test for [1;33mTestfk::SaturateCast_fk::Double2_fk::Ulong2[1;33m: [32mSuccess!![0m
Running test for [1;33mTestfk::SaturateCast_fk::Double2_fk::Ulonglong2[1;33m: [32mSuccess!![0m
Running test for [1;33mTestfk::SaturateCast_fk::Double2_fk::Ushort2[1;33m: [32mSuccess!![0m
Running test for [1;33mTestfk::SaturateCast_fk::Double3_fk::Char3[1;33m: [32mSuccess!![0m
Running test for [1;33mTestfk::SaturateCast_fk::Double3_fk::Double3[1;33m: [32mSuccess!![0m
Running test for [1;33mTestfk::SaturateCast_fk::Double3_fk::Float3[1;33m: [32mSuccess!![0m
Running test for [1;33mTestfk::SaturateCast_fk::Double3_fk::Int3[1;33m: [32mSuccess!![0m
Running test for [1;33mTestfk::SaturateCast_fk::Double3_fk::Long3[1;33m: [32mSuccess!![0m
Running test for [1;33mTestfk::SaturateCast_fk::Double3_fk::Longlong3[1;33m: [32mSuccess!![0m
Running test for [1;33mTestfk::SaturateCast_fk::Double3_fk::Short3[1;33m: [32mSuccess!![0m
Running test for [1;33mTestfk::SaturateCast_fk::Double3_fk::Uchar3[1;33m: [32mSuccess!![0m
Running test for [1;33mTestfk::SaturateCast_fk::Double3_fk::Uint3[1;33m: [32mSuccess!![0m
Running test for [1;33mTestfk::SaturateCast_fk::Double3_fk::Ulong3[1;33m: [32mSuccess!![0m
Running test for [1;33mTestfk::SaturateCast_fk::Double3_fk::Ulonglong3[1;33m: [32mSuccess!![0m
Running test for [1;33mTestfk::SaturateCast_fk::Double3_fk::Ushort3[1;33m: [32mSuccess!![0m
Running test for [1;33mTestfk::SaturateCast_fk::Double4_fk::Char4[1;33m: [32mSuccess!![0m
Running test for [1;33mTestfk::SaturateCast_fk::Double4_fk::Double4[1;33m: [32mSuccess!![0m
Running test for [1;33mTestfk::SaturateCast_fk::Double4_fk::Float4[1;33m: [32mSuccess!![0m
Running test for [1;33mTestfk::SaturateCast_fk::Double4_fk::Int4[1;33m: [32mSuccess!![0m
Running test for [1;33mTestfk::SaturateCast_fk::Double4_fk::Long4[1;33m: [32mSuccess!![0m
Running test for [1;33mTestfk::SaturateCast_fk::Double4_fk::Longlong4[1;33m: [32mSuccess!![0m
Running test for [1;33mTestfk::SaturateCast_fk::Double4_fk::Short4[1;33m: [32mSuccess!![0m
Running test for [1;33mTestfk::SaturateCast_fk::Double4_fk::Uchar4[1;33m: [32mSuccess!![0m
Running test for [1;33mTestfk::SaturateCast_fk::Double4_fk::Uint4[1;33m: [32mSuccess!![0m
Running test for [1;33mTestfk::SaturateCast_fk::Double4_fk::Ulong4[1;33m: [32mSuccess!![0m
Running test for [1;33mTestfk::SaturateCast_fk::Double4_fk::Ulonglong4[1;33m: [32mSuccess!![0m
Running test for [1;33mTestfk::SaturateCast_fk::Double4_fk::Ushort4[1;33m: [32mSuccess!![0m
Running test for [1;33mTestfk::SaturateCast_fk::Float1_fk::Char1[1;33m: [32mSuccess!![0m
Running test for [1;33mTestfk::SaturateCast_fk::Float1_fk::Double1[1;33m: [32mSuccess!![0m
Running test for [1;33mTestfk::SaturateCast_fk::Float1_fk::Float1[1;33m: [32mSuccess!![0m
Running test for [1;33mTestfk::SaturateCast_fk::Float1_fk::Int1[1;33m: [32mSuccess!![0m
Running test for [1;33mTestfk::SaturateCast_fk::Float1_fk::Long1[1;33m: [32mSuccess!![0m
Running test for [1;33mTestfk::SaturateCast_fk::Float1_fk::Longlong1[1;33m: [32mSuccess!![0m
Running test for [1;33mTestfk::SaturateCast_fk::Float1_fk::Short1[1;33m: [32mSuccess!![0m
Running test for [1;33mTestfk::SaturateCast_fk::Float1_fk::Uchar1[1;33m: [32mSuccess!![0m
Running test for [1;33mTestfk::SaturateCast_fk::Float1_fk::Uint1[1;33m: [32mSuccess!![0m
Running test for [1;33mTestfk::SaturateCast_fk::Float1_fk::Ulong1[1;33m: [32mSuccess!![0m
Running test for [1;33mTestfk::SaturateCast_fk::Float1_fk::Ulonglong1[1;33m: [32mSuccess!![0m
Running test for [1;33mTestfk::SaturateCast_fk::Float1_fk::Ushort1[1;33m: [32mSuccess!![0m
Running test for [1;33mTestfk::SaturateCast_fk::Float2_fk::Char2[1;33m: [32mSuccess!![0m
Running test for [1;33mTestfk::SaturateCast_fk::Float2_fk::Double2[1;33m: [32mSuccess!![0m
Running test for [1;33mTestfk::SaturateCast_fk::Float2_fk::Float2[1;33m: [32mSuccess!![0m
Running test for [1;33mTestfk::SaturateCast_fk::Float2_fk::Int2[1;33m: [32mSuccess!![0m
Running test for [1;33mTestfk::SaturateCast_fk::Float2_fk::Long2[1;33m: [32mSuccess!![0m
Running test for [1;33mTestfk::SaturateCast_fk::Float2_fk::Longlong2[1;33m: [32mSuccess!![0m
Running test for [1;33mTestfk::SaturateCast_fk::Float2_fk::Short2[1;33m: [32mSuccess!![0m
Running test for [1;33mTestfk::SaturateCast_fk::Float2_fk::Uchar2[1;33m: [32mSuccess!![0m
Running test for [1;33mTestfk::SaturateCast_fk::Float2_fk::Uint2[1;33m: [32mSuccess!![0m
Running test for [1;33mTestfk::SaturateCast_fk::Float2_fk::Ulong2[1;33m: [32mSuccess!![0m
Running test for [1;33mTestfk::SaturateCast_fk::Float2_fk::Ulonglong2[1;33m: [32mSuccess!![0m
Running test for [1;33mTestfk::SaturateCast_fk::Float2_fk::Ushort2[1;33m: [32mSuccess!![0m
Running test for [1;33mTestfk::SaturateCast_fk::Float3_fk::Char3[1;33m: [32mSuccess!![0m
Running test for [1;33mTestfk::SaturateCast_fk::Float3_fk::Double3[1;33m: [32mSuccess!![0m
Running test for [1;33mTestfk::SaturateCast_fk::Float3_fk::Float3[1;33m: [32mSuccess!![0m
Running test for [1;33mTestfk::SaturateCast_fk::Float3_fk::Int3[1;33m: [32mSuccess!![0m
Running test for [1;33mTestfk::SaturateCast_fk::Float3_fk::Long3[1;33m: [32mSuccess!![0m
Running test for [1;33mTestfk::SaturateCast_fk::Float3_fk::Longlong3[1;33m: [32mSuccess!![0m
Running test for [1;33mTestfk::SaturateCast_fk::Float3_fk::Short3[1;33m: [32mSuccess!![0m
Running test for [1;33mTestfk::SaturateCast_fk::Float3_fk::Uchar3[1;33m: [32mSuccess!![0m
Running test for [1;33mTestfk::SaturateCast_fk::Float3_fk::Uint3[1;33m: [32mSuccess!![0m
Running test for [1;33mTestfk::SaturateCast_fk::Float3_fk::Ulong3[1;33m: [32mSuccess!![0m
Running test for [1;33mTestfk::SaturateCast_fk::Float3_fk::Ulonglong3[1;33m: [32mSuccess!![0m
Running test for [1;33mTestfk::SaturateCast_fk::Float3_fk::Ushort3[1;33m: [32mSuccess!![0m
Running test for [1;33mTestfk::SaturateCast_fk::Float4_fk::Char4[1;33m: [32mSuccess!![0m
Running test for [1;33mTestfk::SaturateCast_fk::Float4_fk::Double4[1;33m: [32mSuccess!![0m
Running test for [1;33mTestfk::SaturateCast_fk::Float4_fk::Float4[1;33m: [32mSuccess!![0m
Running test for [1;33mTestfk::SaturateCast_fk::Float4_fk::Int4[1;33m: [32mSuccess!![0m
Running test for [1;33mTestfk::SaturateCast_fk::Float4_fk::Long4[1;33m: [32mSuccess!![0m
Running test for [1;33mTestfk::SaturateCast_fk::Float4_fk::Longlong4[1;33m: [32mSuccess!![0m
Running test for [1;33mTestfk::SaturateCast_fk::Float4_fk::Short4[1;33m: [32mSuccess!![0m
Running test for [1;33mTestfk::SaturateCast_fk::Float4_fk::Uchar4[1;33m: [32mSuccess!![0m
Running test for [1;33mTestfk::SaturateCast_fk::Float4_fk::Uint4[1;33m: [32mSuccess!![0m
Running test for [1;33mTestfk::SaturateCast_fk::Float4_fk::Ulong4[1;33m: [32mSuccess!![0m
Running test for [1;33mTestfk::SaturateCast_fk::Float4_fk::Ulonglong4[1;33m: [32mSuccess!![0m
Running test for [1;33mTestfk::SaturateCast_fk::Float4_fk::Ushort4[1;33m: [32mSuccess!![0m
Running test for [1;33mTestfk::SaturateCast_fk::Int1_fk::Char1[1;33m: [32mSuccess!![0m
Running test for [1;33mTestfk::SaturateCast_fk::Int1_fk::Double1[1;33m: [32mSuccess!![0m
Running test for [1;33mTestfk::SaturateCast_fk::Int1_fk::Float1[1;33m: [32mSuccess!![0m
Running test for [1;33mTestfk::SaturateCast_fk::Int1_fk::Int1[1;33m: [32mSuccess!![0m
Running test for [1;33mTestfk::SaturateCast_fk::Int1_fk::Long1[1;33m: [32mSuccess!![0m
Running test for [1;33mTestfk::SaturateCast_fk::Int1_fk::Longlong1[1;33m: [32mSuccess!![0m
Running test for [1;33mTestfk::SaturateCast_fk::Int1_fk::Short1[1;33m: [32mSuccess!![0m
Running test for [1;33mTestfk::SaturateCast_fk::Int1_fk::Uchar1[1;33m: [32mSuccess!![0m
Running test for [1;33mTestfk::SaturateCast_fk::Int1_fk::Uint1[1;33m: [32mSuccess!![0m
Running test for [1;33mTestfk::SaturateCast_fk::Int1_fk::Ulong1[1;33m: [32mSuccess!![0m
Running test for [1;33mTestfk::SaturateCast_fk::Int1_fk::Ulonglong1[1;33m: [32mSuccess!![0m
Running test for [1;33mTestfk::SaturateCast_fk::Int1_fk::Ushort1[1;33m: [32mSuccess!![0m
Running test for [1;33mTestfk::SaturateCast_fk::Int2_fk::Char2[1;33m: [32mSuccess!![0m
Running test for [1;33mTestfk::SaturateCast_fk::Int2_fk::Double2[1;33m: [32mSuccess!![0m
Running test for [1;33mTestfk::SaturateCast_fk::Int2_fk::Float2[1;33m: [32mSuccess!![0m
Running test for [1;33mTestfk::SaturateCast_fk::Int2_fk::Int2[1;33m: [32mSuccess!![0m
Running test for [1;33mTestfk::SaturateCast_fk::Int2_fk::Long2[1;33m: [32mSuccess!![0m
Running test for [1;33mTestfk::SaturateCast_fk::Int2_fk::Longlong2[1;33m: [32mSuccess!![0m
Running test for [1;33mTestfk::SaturateCast_fk::Int2_fk::Short2[1;33m: [32mSuccess!![0m
Running test for [1;33mTestfk::SaturateCast_fk::Int2_fk::Uchar2[1;33m: [32mSuccess!![0m
Running test for [1;33mTestfk::SaturateCast_fk::Int2_fk::Uint2[1;33m: [32mSuccess!![0m
Running test for [1;33mTestfk::SaturateCast_fk::Int2_fk::Ulong2[1;33m: [32mSuccess!![0m
Running test for [1;33mTestfk::SaturateCast_fk::Int2_fk::Ulonglong2[1;33m: [32mSuccess!![0m
Running test for [1;33mTestfk::SaturateCast_fk::Int2_fk::Ushort2[1;33m: [32mSuccess!![0m
Running test for [1;33mTestfk::SaturateCast_fk::Int3_fk::Char3[1;33m: [32mSuccess!![0m
Running test for [1;33mTestfk::SaturateCast_fk::Int3_fk::Double3[1;33m: [32mSuccess!![0m
Running test for [1;33mTestfk::SaturateCast_fk::Int3_fk::Float3[1;33m: [32mSuccess!![0m
Running test for [1;33mTestfk::SaturateCast_fk::Int3_fk::Int3[1;33m: [32mSuccess!![0m
Running test for [1;33mTestfk::SaturateCast_fk::Int3_fk::Long3[1;33m: [32mSuccess!![0m
Running test for [1;33mTestfk::SaturateCast_fk::Int3_fk::Longlong3[1;33m: [32mSuccess!![0m
Running test for [1;33mTestfk::SaturateCast_fk::Int3_fk::Short3[1;33m: [32mSuccess!![0m
Running test for [1;33mTestfk::SaturateCast_fk::Int3_fk::Uchar3[1;33m: [32mSuccess!![0m
Running test for [1;33mTestfk::SaturateCast_fk::Int3_fk::Uint3[1;33m: [32mSuccess!![0m
Running test for [1;33mTestfk::SaturateCast_fk::Int3_fk::Ulong3[1;33m: [32mSuccess!![0m
Running test for [1;33mTestfk::SaturateCast_fk::Int3_fk::Ulonglong3[1;33m: [32mSuccess!![0m
Running test for [1;33mTestfk::SaturateCast_fk::Int3_fk::Ushort3[1;33m: [32mSuccess!![0m
Running test for [1;33mTestfk::SaturateCast_fk::Int4_fk::Char4[1;33m: [32mSuccess!![0m
Running test for [1;33mTestfk::SaturateCast_fk::Int4_fk::Double4[1;33m: [32mSuccess!![0m
Running test for [1;33mTestfk::SaturateCast_fk::Int4_fk::Float4[1;33m: [32mSuccess!![0m
Running test for [1;33mTestfk::SaturateCast_fk::Int4_fk::Int4[1;33m: [32mSuccess!![0m
Running test for [1;33mTestfk::SaturateCast_fk::Int4_fk::Long4[1;33m: [32mSuccess!![0m
Running test for [1;33mTestfk::SaturateCast_fk::Int4_fk::Longlong4[1;33m: [32mSuccess!![0m
Running test for [1;33mTestfk::SaturateCast_fk::Int4_fk::Short4[1;33m: [32mSuccess!![0m
Running test for [1;33mTestfk::SaturateCast_fk::Int4_fk::Uchar4[1;33m: [32mSuccess!![0m
Running test for [1;33mTestfk::SaturateCast_fk::Int4_fk::Uint4[1;33m: [32mSuccess!![0m
Running test for [1;33mTestfk::SaturateCast_fk::Int4_fk::Ulong4[1;33m: [32mSuccess!![0m
Running test for [1;33mTestfk::SaturateCast_fk::Int4_fk::Ulonglong4[1;33m: [32mSuccess!![0m
Running test for [1;33mTestfk::SaturateCast_fk::Int4_fk::Ushort4[1;33m: [32mSuccess!![0m
Running test for [1;33mTestfk::SaturateCast_fk::Long1_fk::Char1[1;33m: [32mSuccess!![0m
Running test for [1;33mTestfk::SaturateCast_fk::Long1_fk::Double1[1;33m: [32mSuccess!![0m
Running test for [1;33mTestfk::SaturateCast_fk::Long1_fk::Float1[1;33m: [32mSuccess!![0m
Running test for [1;33mTestfk::SaturateCast_fk::Long1_fk::Int1[1;33m: [32mSuccess!![0m
Running test for [1;33mTestfk::SaturateCast_fk::Long1_fk::Long1[1;33m: [32mSuccess!![0m
Running test for [1;33mTestfk::SaturateCast_fk::Long1_fk::Longlong1[1;33m: [32mSuccess!![0m
Running test for [1;33mTestfk::SaturateCast_fk::Long1_fk::Short1[1;33m: [32mSuccess!![0m
Running test for [1;33mTestfk::SaturateCast_fk::Long1_fk::Uchar1[1;33m: [32mSuccess!![0m
Running test for [1;33mTestfk::SaturateCast_fk::Long1_fk::Uint1[1;33m: [32mSuccess!![0m
Running test for [1;33mTestfk::SaturateCast_fk::Long1_fk::Ulong1[1;33m: [32mSuccess!![0m
Running test for [1;33mTestfk::SaturateCast_fk::Long1_fk::Ulonglong1[1;33m: [32mSuccess!![0m
Running test for [1;33mTestfk::SaturateCast_fk::Long1_fk::Ushort1[1;33m: [32mSuccess!![0m
Running test for [1;33mTestfk::SaturateCast_fk::Long2_fk::Char2[1;33m: [32mSuccess!![0m
Running test for [1;33mTestfk::SaturateCast_fk::Long2_fk::Double2[1;33m: [32mSuccess!![0m
Running test for [1;33mTestfk::SaturateCast_fk::Long2_fk::Float2[1;33m: [32mSuccess!![0m
Running test for [1;33mTestfk::SaturateCast_fk::Long2_fk::Int2[1;33m: [32mSuccess!![0m
Running test for [1;33mTestfk::SaturateCast_fk::Long2_fk::Long2[1;33m: [32mSuccess!![0m
Running test for [1;33mTestfk::SaturateCast_fk::Long2_fk::Longlong2[1;33m: [32mSuccess!![0m
Running test for [1;33mTestfk::SaturateCast_fk::Long2_fk::Short2[1;33m: [32mSuccess!![0m
Running test for [1;33mTestfk::SaturateCast_fk::Long2_fk::Uchar2[1;33m: [32mSuccess!![0m
Running test for [1;33mTestfk::SaturateCast_fk::Long2_fk::Uint2[1;33m: [32mSuccess!![0m
Running test for [1;33mTestfk::SaturateCast_fk::Long2_fk::Ulong2[1;33m: [32mSuccess!![0m
Running test for [1;33mTestfk::SaturateCast_fk::Long2_fk::Ulonglong2[1;33m: [32mSuccess!![0m
Running test for [1;33mTestfk::SaturateCast_fk::Long2_fk::Ushort2[1;33m: [32mSuccess!![0m
Running test for [1;33mTestfk::SaturateCast_fk::Long3_fk::Char3[1;33m: [32mSuccess!![0m
Running test for [1;33mTestfk::SaturateCast_fk::Long3_fk::Double3[1;33m: [32mSuccess!![0m
Running test for [1;33mTestfk::SaturateCast_fk::Long3_fk::Float3[1;33m: [32mSuccess!![0m
Running test for [1;33mTestfk::SaturateCast_fk::Long3_fk::Int3[1;33m: [32mSuccess!![0m
Running test for [1;33mTestfk::SaturateCast_fk::Long3_fk::Long3[1;33m: [32mSuccess!![0m
Running test for [1;33mTestfk::SaturateCast_fk::Long3_fk::Longlong3[1;33m: [32mSuccess!![0m
Running test for [1;33mTestfk::SaturateCast_fk::Long3_fk::Short3[1;33m: [32mSuccess!![0m
Running test for [1;33mTestfk::SaturateCast_fk::Long3_fk::Uchar3[1;33m: [32mSuccess!![0m
Running test for [1;33mTestfk::SaturateCast_fk::Long3_fk::Uint3[1;33m: [32mSuccess!![0m
Running test for [1;33mTestfk::SaturateCast_fk::Long3_fk::Ulong3[1;33m: [32mSuccess!![0m
Running test for [1;33mTestfk::SaturateCast_fk::Long3_fk::Ulonglong3[1;33m: [32mSuccess!![0m
Running test for [1;33mTestfk::SaturateCast_fk::Long3_fk::Ushort3[1;33m: [32mSuccess!![0m
Running test for [1;33mTestfk::SaturateCast_fk::Long4_fk::Char4[1;33m: [32mSuccess!![0m
Running test for [1;33mTestfk::SaturateCast_fk::Long4_fk::Double4[1;33m: [32mSuccess!![0m
Running test for [1;33mTestfk::SaturateCast_fk::Long4_fk::Float4[1;33m: [32mSuccess!![0m
Running test for [1;33mTestfk::SaturateCast_fk::Long4_fk::Int4[1;33m: [32mSuccess!![0m
Running test for [1;33mTestfk::SaturateCast_fk::Long4_fk::Long4[1;33m: [32mSuccess!![0m
Running test for [1;33mTestfk::SaturateCast_fk::Long4_fk::Longlong4[1;33m: [32mSuccess!![0m
Running test for [1;33mTestfk::SaturateCast_fk::Long4_fk::Short4[1;33m: [32mSuccess!![0m
Running test for [1;33mTestfk::SaturateCast_fk::Long4_fk::Uchar4[1;33m: [32mSuccess!![0m
Running test for [1;33mTestfk::SaturateCast_fk::Long4_fk::Uint4[1;33m: [32mSuccess!![0m
Running test for [1;33mTestfk::SaturateCast_fk::Long4_fk::Ulong4[1;33m: [32mSuccess!![0m
Running test for [1;33mTestfk::SaturateCast_fk::Long4_fk::Ulonglong4[1;33m: [32mSuccess!![0m
Running test for [1;33mTestfk::SaturateCast_fk::Long4_fk::Ushort4[1;33m: [32mSuccess!![0m
Running test for [1;33mTestfk::SaturateCast_fk::Longlong1_fk::Char1[1;33m: [32mSuccess!![0m
Running test for [1;33mTestfk::SaturateCast_fk::Longlong1_fk::Double1[1;33m: [32mSuccess!![0m
Running test for [1;33mTestfk::SaturateCast_fk::Longlong1_fk::Float1[1;33m: [32mSuccess!![0m
Running test for [1;33mTestfk::SaturateCast_fk::Longlong1_fk::Int1[1;33m: [32mSuccess!![0m
Running test for [1;33mTestfk::SaturateCast_fk::Longlong1_fk::Long1[1;33m: [32mSuccess!![0m
Running test for [1;33mTestfk::SaturateCast_fk::Longlong1_fk::Longlong1[1;33m: [32mSuccess!![0m
Running test for [1;33mTestfk::SaturateCast_fk::Longlong1_fk::Short1[1;33m: [32mSuccess!![0m
Running test for [1;33mTestfk::SaturateCast_fk::Longlong1_fk::Uchar1[1;33m: [32mSuccess!![0m
Running test for [1;33mTestfk::SaturateCast_fk::Longlong1_fk::Uint1[1;33m: [32mSuccess!![0m
Running test for [1;33mTestfk::SaturateCast_fk::Longlong1_fk::Ulong1[1;33m: [32mSuccess!![0m
Running test for [1;33mTestfk::SaturateCast_fk::Longlong1_fk::Ulonglong1[1;33m: [32mSuccess!![0m
Running test for [1;33mTestfk::SaturateCast_fk::Longlong1_fk::Ushort1[1;33m: [32mSuccess!![0m
Running test for [1;33mTestfk::SaturateCast_fk::Longlong2_fk::Char2[1;33m: [32mSuccess!![0m
Running test for [1;33mTestfk::SaturateCast_fk::Longlong2_fk::Double2[1;33m: [32mSuccess!![0m
Running test for [1;33mTestfk::SaturateCast_fk::Longlong2_fk::Float2[1;33m: [32mSuccess!![0m
Running test for [1;33mTestfk::SaturateCast_fk::Longlong2_fk::Int2[1;33m: [32mSuccess!![0m
Running test for [1;33mTestfk::SaturateCast_fk::Longlong2_fk::Long2[1;33m: [32mSuccess!![0m
Running test for [1;33mTestfk::SaturateCast_fk::Longlong2_fk::Longlong2[1;33m: [32mSuccess!![0m
Running test for [1;33mTestfk::SaturateCast_fk::Longlong2_fk::Short2[1;33m: [32mSuccess!![0m
Running test for [1;33mTestfk::SaturateCast_fk::Longlong2_fk::Uchar2[1;33m: [32mSuccess!![0m
Running test for [1;33mTestfk::SaturateCast_fk::Longlong2_fk::Uint2[1;33m: [32mSuccess!![0m
Running test for [1;33mTestfk::SaturateCast_fk::Longlong2_fk::Ulong2[1;33m: [32mSuccess!![0m
Running test for [1;33mTestfk::SaturateCast_fk::Longlong2_fk::Ulonglong2[1;33m: [32mSuccess!![0m
Running test for [1;33mTestfk::SaturateCast_fk::Longlong2_fk::Ushort2[1;33m: [32mSuccess!![0m
Running test for [1;33mTestfk::SaturateCast_fk::Longlong3_fk::Char3[1;33m: [32mSuccess!![0m
Running test for [1;33mTestfk::SaturateCast_fk::Longlong3_fk::Double3[1;33m: [32mSuccess!![0m
Running test for [1;33mTestfk::SaturateCast_fk::Longlong3_fk::Float3[1;33m: [32mSuccess!![0m
Running test for [1;33mTestfk::SaturateCast_fk::Longlong3_fk::Int3[1;33m: [32mSuccess!![0m
Running test for [1;33mTestfk::SaturateCast_fk::Longlong3_fk::Long3[1;33m: [32mSuccess!![0m
Running test for [1;33mTestfk::SaturateCast_fk::Longlong3_fk::Longlong3[1;33m: [32mSuccess!![0m
Running test for [1;33mTestfk::SaturateCast_fk::Longlong3_fk::Short3[1;33m: [32mSuccess!![0m
Running test for [1;33mTestfk::SaturateCast_fk::Longlong3_fk::Uchar3[1;33m: [32mSuccess!![0m
Running test for [1;33mTestfk::SaturateCast_fk::Longlong3_fk::Uint3[1;33m: [32mSuccess!![0m
Running test for [1;33mTestfk::SaturateCast_fk::Longlong3_fk::Ulong3[1;33m: [32mSuccess!![0m
Running test for [1;33mTestfk::SaturateCast_fk::Longlong3_fk::Ulonglong3[1;33m: [32mSuccess!![0m
Running test for [1;33mTestfk::SaturateCast_fk::Longlong3_fk::Ushort3[1;33m: [32mSuccess!![0m
Running test for [1;33mTestfk::SaturateCast_fk::Longlong4_fk::Char4[1;33m: [32mSuccess!![0m
Running test for [1;33mTestfk::SaturateCast_fk::Longlong4_fk::Double4[1;33m: [32mSuccess!![0m
Running test for [1;33mTestfk::SaturateCast_fk::Longlong4_fk::Float4[1;33m: [32mSuccess!![0m
Running test for [1;33mTestfk::SaturateCast_fk::Longlong4_fk::Int4[1;33m: [32mSuccess!![0m
Running test for [1;33mTestfk::SaturateCast_fk::Longlong4_fk::Long4[1;33m: [32mSuccess!![0m
Running test for [1;33mTestfk::SaturateCast_fk::Longlong4_fk::Longlong4[1;33m: [32mSuccess!![0m
Running test for [1;33mTestfk::SaturateCast_fk::Longlong4_fk::Short4[1;33m: [32mSuccess!![0m
Running test for [1;33mTestfk::SaturateCast_fk::Longlong4_fk::Uchar4[1;33m: [32mSuccess!![0m
Running test for [1;33mTestfk::SaturateCast_fk::Longlong4_fk::Uint4[1;33m: [32mSuccess!![0m
Running test for [1;33mTestfk::SaturateCast_fk::Longlong4_fk::Ulong4[1;33m: [32mSuccess!![0m
Running test for [1;33mTestfk::SaturateCast_fk::Longlong4_fk::Ulonglong4[1;33m: [32mSuccess!![0m
Running test for [1;33mTestfk::SaturateCast_fk::Longlong4_fk::Ushort4[1;33m: [32mSuccess!![0m
Running test for [1;33mTestfk::SaturateCast_fk::Short1_fk::Char1[1;33m: [32mSuccess!![0m
Running test for [1;33mTestfk::SaturateCast_fk::Short1_fk::Double1[1;33m: [32mSuccess!![0m
Running test for [1;33mTestfk::SaturateCast_fk::Short1_fk::Float1[1;33m: [32mSuccess!![0m
Running test for [1;33mTestfk::SaturateCast_fk::Short1_fk::Int1[1;33m: [32mSuccess!![0m
Running test for [1;33mTestfk::SaturateCast_fk::Short1_fk::Long1[1;33m: [32mSuccess!![0m
Running test for [1;33mTestfk::SaturateCast_fk::Short1_fk::Longlong1[1;33m: [32mSuccess!![0m
Running test for [1;33mTestfk::SaturateCast_fk::Short1_fk::Short1[1;33m: [32mSuccess!![0m
Running test for [1;33mTestfk::SaturateCast_fk::Short1_fk::Uchar1[1;33m: [32mSuccess!![0m
Running test for [1;33mTestfk::SaturateCast_fk::Short1_fk::Uint1[1;33m: [32mSuccess!![0m
Running test for [1;33mTestfk::SaturateCast_fk::Short1_fk::Ulong1[1;33m: [32mSuccess!![0m
Running test for [1;33mTestfk::SaturateCast_fk::Short1_fk::Ulonglong1[1;33m: [32mSuccess!![0m
Running test for [1;33mTestfk::SaturateCast_fk::Short1_fk::Ushort1[1;33m: [32mSuccess!![0m
Running test for [1;33mTestfk::SaturateCast_fk::Short2_fk::Char2[1;33m: [32mSuccess!![0m
Running test for [1;33mTestfk::SaturateCast_fk::Short2_fk::Double2[1;33m: [32mSuccess!![0m
Running test for [1;33mTestfk::SaturateCast_fk::Short2_fk::Float2[1;33m: [32mSuccess!![0m
Running test for [1;33mTestfk::SaturateCast_fk::Short2_fk::Int2[1;33m: [32mSuccess!![0m
Running test for [1;33mTestfk::SaturateCast_fk::Short2_fk::Long2[1;33m: [32mSuccess!![0m
Running test for [1;33mTestfk::SaturateCast_fk::Short2_fk::Longlong2[1;33m: [32mSuccess!![0m
Running test for [1;33mTestfk::SaturateCast_fk::Short2_fk::Short2[1;33m: [32mSuccess!![0m
Running test for [1;33mTestfk::SaturateCast_fk::Short2_fk::Uchar2[1;33m: [32mSuccess!![0m
Running test for [1;33mTestfk::SaturateCast_fk::Short2_fk::Uint2[1;33m: [32mSuccess!![0m
Running test for [1;33mTestfk::SaturateCast_fk::Short2_fk::Ulong2[1;33m: [32mSuccess!![0m
Running test for [1;33mTestfk::SaturateCast_fk::Short2_fk::Ulonglong2[1;33m: [32mSuccess!![0m
Running test for [1;33mTestfk::SaturateCast_fk::Short2_fk::Ushort2[1;33m: [32mSuccess!![0m
Running test for [1;33mTestfk::SaturateCast_fk::Short3_fk::Char3[1;33m: [32mSuccess!![0m
Running test for [1;33mTestfk::SaturateCast_fk::Short3_fk::Double3[1;33m: [32mSuccess!![0m
Running test for [1;33mTestfk::SaturateCast_fk::Short3_fk::Float3[1;33m: [32mSuccess!![0m
Running test for [1;33mTestfk::SaturateCast_fk::Short3_fk::Int3[1;33m: [32mSuccess!![0m
Running test for [1;33mTestfk::SaturateCast_fk::Short3_fk::Long3[1;33m: [32mSuccess!![0m
Running test for [1;33mTestfk::SaturateCast_fk::Short3_fk::Longlong3[1;33m: [32mSuccess!![0m
Running test for [1;33mTestfk::SaturateCast_fk::Short3_fk::Short3[1;33m: [32mSuccess!![0m
Running test for [1;33mTestfk::SaturateCast_fk::Short3_fk::Uchar3[1;33m: [32mSuccess!![0m
Running test for [1;33mTestfk::SaturateCast_fk::Short3_fk::Uint3[1;33m: [32mSuccess!![0m
Running test for [1;33mTestfk::SaturateCast_fk::Short3_fk::Ulong3[1;33m: [32mSuccess!![0m
Running test for [1;33mTestfk::SaturateCast_fk::Short3_fk::Ulonglong3[1;33m: [32mSuccess!![0m
Running test for [1;33mTestfk::SaturateCast_fk::Short3_fk::Ushort3[1;33m: [32mSuccess!![0m
Running test for [1;33mTestfk::SaturateCast_fk::Short4_fk::Char4[1;33m: [32mSuccess!![0m
Running test for [1;33mTestfk::SaturateCast_fk::Short4_fk::Double4[1;33m: [32mSuccess!![0m
Running test for [1;33mTestfk::SaturateCast_fk::Short4_fk::Float4[1;33m: [32mSuccess!![0m
Running test for [1;33mTestfk::SaturateCast_fk::Short4_fk::Int4[1;33m: [32mSuccess!![0m
Running test for [1;33mTestfk::SaturateCast_fk::Short4_fk::Long4[1;33m: [32mSuccess!![0m
Running test for [1;33mTestfk::SaturateCast_fk::Short4_fk::Longlong4[1;33m: [32mSuccess!![0m
Running test for [1;33mTestfk::SaturateCast_fk::Short4_fk::Short4[1;33m: [32mSuccess!![0m
Running test for [1;33mTestfk::SaturateCast_fk::Short4_fk::Uchar4[1;33m: [32mSuccess!![0m
Running test for [1;33mTestfk::SaturateCast_fk::Short4_fk::Uint4[1;33m: [32mSuccess!![0m
Running test for [1;33mTestfk::SaturateCast_fk::Short4_fk::Ulong4[1;33m: [32mSuccess!![0m
Running test for [1;33mTestfk::SaturateCast_fk::Short4_fk::Ulonglong4[1;33m: [32mSuccess!![0m
Running test for [1;33mTestfk::SaturateCast_fk::Short4_fk::Ushort4[1;33m: [32mSuccess!![0m
Running test for [1;33mTestfk::SaturateCast_fk::Uchar1_fk::Char1[1;33m: [32mSuccess!![0m
Running test for [1;33mTestfk::SaturateCast_fk::Uchar1_fk::Double1[1;33m: [32mSuccess!![0m
Running test for [1;33mTestfk::SaturateCast_fk::Uchar1_fk::Float1[1;33m: [32mSuccess!![0m
Running test for [1;33mTestfk::SaturateCast_fk::Uchar1_fk::Int1[1;33m: [32mSuccess!![0m
Running test for [1;33mTestfk::SaturateCast_fk::Uchar1_fk::Long1[1;33m: [32mSuccess!![0m
Running test for [1;33mTestfk::SaturateCast_fk::Uchar1_fk::Longlong1[1;33m: [32mSuccess!![0m
Running test for [1;33mTestfk::SaturateCast_fk::Uchar1_fk::Short1[1;33m: [32mSuccess!![0m
Running test for [1;33mTestfk::SaturateCast_fk::Uchar1_fk::Uchar1[1;33m: [32mSuccess!![0m
Running test for [1;33mTestfk::SaturateCast_fk::Uchar1_fk::Uint1[1;33m: [32mSuccess!![0m
Running test for [1;33mTestfk::SaturateCast_fk::Uchar1_fk::Ulong1[1;33m: [32mSuccess!![0m
Running test for [1;33mTestfk::SaturateCast_fk::Uchar1_fk::Ulonglong1[1;33m: [32mSuccess!![0m
Running test for [1;33mTestfk::SaturateCast_fk::Uchar1_fk::Ushort1[1;33m: [32mSuccess!![0m
Running test for [1;33mTestfk::SaturateCast_fk::Uchar2_fk::Char2[1;33m: [32mSuccess!![0m
Running test for [1;33mTestfk::SaturateCast_fk::Uchar2_fk::Double2[1;33m: [32mSuccess!![0m
Running test for [1;33mTestfk::SaturateCast_fk::Uchar2_fk::Float2[1;33m: [32mSuccess!![0m
Running test for [1;33mTestfk::SaturateCast_fk::Uchar2_fk::Int2[1;33m: [32mSuccess!![0m
Running test for [1;33mTestfk::SaturateCast_fk::Uchar2_fk::Long2[1;33m: [32mSuccess!![0m
Running test for [1;33mTestfk::SaturateCast_fk::Uchar2_fk::Longlong2[1;33m: [32mSuccess!![0m
Running test for [1;33mTestfk::SaturateCast_fk::Uchar2_fk::Short2[1;33m: [32mSuccess!![0m
Running test for [1;33mTestfk::SaturateCast_fk::Uchar2_fk::Uchar2[1;33m: [32mSuccess!![0m
Running test for [1;33mTestfk::SaturateCast_fk::Uchar2_fk::Uint2[1;33m: [32mSuccess!![0m
Running test for [1;33mTestfk::SaturateCast_fk::Uchar2_fk::Ulong2[1;33m: [32mSuccess!![0m
Running test for [1;33mTestfk::SaturateCast_fk::Uchar2_fk::Ulonglong2[1;33m: [32mSuccess!![0m
Running test for [1;33mTestfk::SaturateCast_fk::Uchar2_fk::Ushort2[1;33m: [32mSuccess!![0m
Running test for [1;33mTestfk::SaturateCast_fk::Uchar3_fk::Char3[1;33m: [32mSuccess!![0m
Running test for [1;33mTestfk::SaturateCast_fk::Uchar3_fk::Double3[1;33m: [32mSuccess!![0m
Running test for [1;33mTestfk::SaturateCast_fk::Uchar3_fk::Float3[1;33m: [32mSuccess!![0m
Running test for [1;33mTestfk::SaturateCast_fk::Uchar3_fk::Int3[1;33m: [32mSuccess!![0m
Running test for [1;33mTestfk::SaturateCast_fk::Uchar3_fk::Long3[1;33m: [32mSuccess!![0m
Running test for [1;33mTestfk::SaturateCast_fk::Uchar3_fk::Longlong3[1;33m: [32mSuccess!![0m
Running test for [1;33mTestfk::SaturateCast_fk::Uchar3_fk::Short3[1;33m: [32mSuccess!![0m
Running test for [1;33mTestfk::SaturateCast_fk::Uchar3_fk::Uchar3[1;33m: [32mSuccess!![0m
Running test for [1;33mTestfk::SaturateCast_fk::Uchar3_fk::Uint3[1;33m: [32mSuccess!![0m
Running test for [1;33mTestfk::SaturateCast_fk::Uchar3_fk::Ulong3[1;33m: [32mSuccess!![0m
Running test for [1;33mTestfk::SaturateCast_fk::Uchar3_fk::Ulonglong3[1;33m: [32mSuccess!![0m
Running test for [1;33mTestfk::SaturateCast_fk::Uchar3_fk::Ushort3[1;33m: [32mSuccess!![0m
Running test for [1;33mTestfk::SaturateCast_fk::Uchar4_fk::Char4[1;33m: [32mSuccess!![0m
Running test for [1;33mTestfk::SaturateCast_fk::Uchar4_fk::Double4[1;33m: [32mSuccess!![0m
Running test for [1;33mTestfk::SaturateCast_fk::Uchar4_fk::Float4[1;33m: [32mSuccess!![0m
Running test for [1;33mTestfk::SaturateCast_fk::Uchar4_fk::Int4[1;33m: [32mSuccess!![0m
Running test for [1;33mTestfk::SaturateCast_fk::Uchar4_fk::Long4[1;33m: [32mSuccess!![0m
Running test for [1;33mTestfk::SaturateCast_fk::Uchar4_fk::Longlong4[1;33m: [32mSuccess!![0m
Running test for [1;33mTestfk::SaturateCast_fk::Uchar4_fk::Short4[1;33m: [32mSuccess!![0m
Running test for [1;33mTestfk::SaturateCast_fk::Uchar4_fk::Uchar4[1;33m: [32mSuccess!![0m
Running test for [1;33mTestfk::SaturateCast_fk::Uchar4_fk::Uint4[1;33m: [32mSuccess!![0m
Running test for [1;33mTestfk::SaturateCast_fk::Uchar4_fk::Ulong4[1;33m: [32mSuccess!![0m
Running test for [1;33mTestfk::SaturateCast_fk::Uchar4_fk::Ulonglong4[1;33m: [32mSuccess!![0m
Running test for [1;33mTestfk::SaturateCast_fk::Uchar4_fk::Ushort4[1;33m: [32mSuccess!![0m
Running test for [1;33mTestfk::SaturateCast_fk::Uint1_fk::Char1[1;33m: [32mSuccess!![0m
Running test for [1;33mTestfk::SaturateCast_fk::Uint1_fk::Double1[1;33m: [32mSuccess!![0m
Running test for [1;33mTestfk::SaturateCast_fk::Uint1_fk::Float1[1;33m: [32mSuccess!![0m
Running test for [1;33mTestfk::SaturateCast_fk::Uint1_fk::Int1[1;33m: [32mSuccess!![0m
Running test for [1;33mTestfk::SaturateCast_fk::Uint1_fk::Long1[1;33m: [32mSuccess!![0m
Running test for [1;33mTestfk::SaturateCast_fk::Uint1_fk::Longlong1[1;33m: [32mSuccess!![0m
Running test for [1;33mTestfk::SaturateCast_fk::Uint1_fk::Short1[1;33m: [32mSuccess!![0m
Running test for [1;33mTestfk::SaturateCast_fk::Uint1_fk::Uchar1[1;33m: [32mSuccess!![0m
Running test for [1;33mTestfk::SaturateCast_fk::Uint1_fk::Uint1[1;33m: [32mSuccess!![0m
Running test for [1;33mTestfk::SaturateCast_fk::Uint1_fk::Ulong1[1;33m: [32mSuccess!![0m
Running test for [1;33mTestfk::SaturateCast_fk::Uint1_fk::Ulonglong1[1;33m: [32mSuccess!![0m
Running test for [1;33mTestfk::SaturateCast_fk::Uint1_fk::Ushort1[1;33m: [32mSuccess!![0m
Running test for [1;33mTestfk::SaturateCast_fk::Uint2_fk::Char2[1;33m: [32mSuccess!![0m
Running test for [1;33mTestfk::SaturateCast_fk::Uint2_fk::Double2[1;33m: [32mSuccess!![0m
Running test for [1;33mTestfk::SaturateCast_fk::Uint2_fk::Float2[1;33m: [32mSuccess!![0m
Running test for [1;33mTestfk::SaturateCast_fk::Uint2_fk::Int2[1;33m: [32mSuccess!![0m
Running test for [1;33mTestfk::SaturateCast_fk::Uint2_fk::Long2[1;33m: [32mSuccess!![0m
Running test for [1;33mTestfk::SaturateCast_fk::Uint2_fk::Longlong2[1;33m: [32mSuccess!![0m
Running test for [1;33mTestfk::SaturateCast_fk::Uint2_fk::Short2[1;33m: [32mSuccess!![0m
Running test for [1;33mTestfk::SaturateCast_fk::Uint2_fk::Uchar2[1;33m: [32mSuccess!![0m
Running test for [1;33mTestfk::SaturateCast_fk::Uint2_fk::Uint2[1;33m: [32mSuccess!![0m
Running test for [1;33mTestfk::SaturateCast_fk::Uint2_fk::Ulong2[1;33m: [32mSuccess!![0m
Running test for [1;33mTestfk::SaturateCast_fk::Uint2_fk::Ulonglong2[1;33m: [32mSuccess!![0m
Running test for [1;33mTestfk::SaturateCast_fk::Uint2_fk::Ushort2[1;33m: [32mSuccess!![0m
Running test for [1;33mTestfk::SaturateCast_fk::Uint3_fk::Char3[1;33m: [32mSuccess!![0m
Running test for [1;33mTestfk::SaturateCast_fk::Uint3_fk::Double3[1;33m: [32mSuccess!![0m
Running test for [1;33mTestfk::SaturateCast_fk::Uint3_fk::Float3[1;33m: [32mSuccess!![0m
Running test for [1;33mTestfk::SaturateCast_fk::Uint3_fk::Int3[1;33m: [32mSuccess!![0m
Running test for [1;33mTestfk::SaturateCast_fk::Uint3_fk::Long3[1;33m: [32mSuccess!![0m
Running test for [1;33mTestfk::SaturateCast_fk::Uint3_fk::Longlong3[1;33m: [32mSuccess!![0m
Running test for [1;33mTestfk::SaturateCast_fk::Uint3_fk::Short3[1;33m: [32mSuccess!![0m
Running test for [1;33mTestfk::SaturateCast_fk::Uint3_fk::Uchar3[1;33m: [32mSuccess!![0m
Running test for [1;33mTestfk::SaturateCast_fk::Uint3_fk::Uint3[1;33m: [32mSuccess!![0m
Running test for [1;33mTestfk::SaturateCast_fk::Uint3_fk::Ulong3[1;33m: [32mSuccess!![0m
Running test for [1;33mTestfk::SaturateCast_fk::Uint3_fk::Ulonglong3[1;33m: [32mSuccess!![0m
Running test for [1;33mTestfk::SaturateCast_fk::Uint3_fk::Ushort3[1;33m: [32mSuccess!![0m
Running test for [1;33mTestfk::SaturateCast_fk::Uint4_fk::Char4[1;33m: [32mSuccess!![0m
Running test for [1;33mTestfk::SaturateCast_fk::Uint4_fk::Double4[1;33m: [32mSuccess!![0m
Running test for [1;33mTestfk::SaturateCast_fk::Uint4_fk::Float4[1;33m: [32mSuccess!![0m
Running test for [1;33mTestfk::SaturateCast_fk::Uint4_fk::Int4[1;33m: [32mSuccess!![0m
Running test for [1;33mTestfk::SaturateCast_fk::Uint4_fk::Long4[1;33m: [32mSuccess!![0m
Running test for [1;33mTestfk::SaturateCast_fk::Uint4_fk::Longlong4[1;33m: [32mSuccess!![0m
Running test for [1;33mTestfk::SaturateCast_fk::Uint4_fk::Short4[1;33m: [32mSuccess!![0m
Running test for [1;33mTestfk::SaturateCast_fk::Uint4_fk::Uchar4[1;33m: [32mSuccess!![0m
Running test for [1;33mTestfk::SaturateCast_fk::Uint4_fk::Uint4[1;33m: [32mSuccess!![0m
Running test for [1;33mTestfk::SaturateCast_fk::Uint4_fk::Ulong4[1;33m: [32mSuccess!![0m
Running test for [1;33mTestfk::SaturateCast_fk::Uint4_fk::Ulonglong4[1;33m: [32mSuccess!![0m
Running test for [1;33mTestfk::SaturateCast_fk::Uint4_fk::Ushort4[1;33m: [32mSuccess!![0m
Running test for [1;33mTestfk::SaturateCast_fk::Ulong1_fk::Char1[1;33m: [32mSuccess!![0m
Running test for [1;33mTestfk::SaturateCast_fk::Ulong1_fk::Double1[1;33m: [32mSuccess!![0m
Running test for [1;33mTestfk::SaturateCast_fk::Ulong1_fk::Float1[1;33m: [32mSuccess!![0m
Running test for [1;33mTestfk::SaturateCast_fk::Ulong1_fk::Int1[1;33m: [32mSuccess!![0m
Running test for [1;33mTestfk::SaturateCast_fk::Ulong1_fk::Long1[1;33m: [32mSuccess!![0m
Running test for [1;33mTestfk::SaturateCast_fk::Ulong1_fk::Longlong1[1;33m: [32mSuccess!![0m
Running test for [1;33mTestfk::SaturateCast_fk::Ulong1_fk::Short1[1;33m: [32mSuccess!![0m
Running test for [1;33mTestfk::SaturateCast_fk::Ulong1_fk::Uchar1[1;33m: [32mSuccess!![0m
Running test for [1;33mTestfk::SaturateCast_fk::Ulong1_fk::Uint1[1;33m: [32mSuccess!![0m
Running test for [1;33mTestfk::SaturateCast_fk::Ulong1_fk::Ulong1[1;33m: [32mSuccess!![0m
Running test for [1;33mTestfk::SaturateCast_fk::Ulong1_fk::Ulonglong1[1;33m: [32mSuccess!![0m
Running test for [1;33mTestfk::SaturateCast_fk::Ulong1_fk::Ushort1[1;33m: [32mSuccess!![0m
Running test for [1;33mTestfk::SaturateCast_fk::Ulong2_fk::Char2[1;33m: [32mSuccess!![0m
Running test for [1;33mTestfk::SaturateCast_fk::Ulong2_fk::Double2[1;33m: [32mSuccess!![0m
Running test for [1;33mTestfk::SaturateCast_fk::Ulong2_fk::Float2[1;33m: [32mSuccess!![0m
Running test for [1;33mTestfk::SaturateCast_fk::Ulong2_fk::Int2[1;33m: [32mSuccess!![0m
Running test for [1;33mTestfk::SaturateCast_fk::Ulong2_fk::Long2[1;33m: [32mSuccess!![0m
Running test for [1;33mTestfk::SaturateCast_fk::Ulong2_fk::Longlong2[1;33m: [32mSuccess!![0m
Running test for [1;33mTestfk::SaturateCast_fk::Ulong2_fk::Short2[1;33m: [32mSuccess!![0m
Running test for [1;33mTestfk::SaturateCast_fk::Ulong2_fk::Uchar2[1;33m: [32mSuccess!![0m
Running test for [1;33mTestfk::SaturateCast_fk::Ulong2_fk::Uint2[1;33m: [32mSuccess!![0m
Running test for [1;33mTestfk::SaturateCast_fk::Ulong2_fk::Ulong2[1;33m: [32mSuccess!![0m
Running test for [1;33mTestfk::SaturateCast_fk::Ulong2_fk::Ulonglong2[1;33m: [32mSuccess!![0m
Running test for [1;33mTestfk::SaturateCast_fk::Ulong2_fk::Ushort2[1;33m: [32mSuccess!![0m
Running test for [1;33mTestfk::SaturateCast_fk::Ulong3_fk::Char3[1;33m: [32mSuccess!![0m
Running test for [1;33mTestfk::SaturateCast_fk::Ulong3_fk::Double3[1;33m: [32mSuccess!![0m
Running test for [1;33mTestfk::SaturateCast_fk::Ulong3_fk::Float3[1;33m: [32mSuccess!![0m
Running test for [1;33mTestfk::SaturateCast_fk::Ulong3_fk::Int3[1;33m: [32mSuccess!![0m
Running test for [1;33mTestfk::SaturateCast_fk::Ulong3_fk::Long3[1;33m: [32mSuccess!![0m
Running test for [1;33mTestfk::SaturateCast_fk::Ulong3_fk::Longlong3[1;33m: [32mSuccess!![0m
Running test for [1;33mTestfk::SaturateCast_fk::Ulong3_fk::Short3[1;33m: [32mSuccess!![0m
Running test for [1;33mTestfk::SaturateCast_fk::Ulong3_fk::Uchar3[1;33m: [32mSuccess!![0m
Running test for [1;33mTestfk::SaturateCast_fk::Ulong3_fk::Uint3[1;33m: [32mSuccess!![0m
Running test for [1;33mTestfk::SaturateCast_fk::Ulong3_fk::Ulong3[1;33m: [32mSuccess!![0m
Running test for [1;33mTestfk::SaturateCast_fk::Ulong3_fk::Ulonglong3[1;33m: [32mSuccess!![0m
Running test for [1;33mTestfk::SaturateCast_fk::Ulong3_fk::Ushort3[1;33m: [32mSuccess!![0m
Running test for [1;33mTestfk::SaturateCast_fk::Ulong4_fk::Char4[1;33m: [32mSuccess!![0m
Running test for [1;33mTestfk::SaturateCast_fk::Ulong4_fk::Double4[1;33m: [32mSuccess!![0m
Running test for [1;33mTestfk::SaturateCast_fk::Ulong4_fk::Float4[1;33m: [32mSuccess!![0m
Running test for [1;33mTestfk::SaturateCast_fk::Ulong4_fk::Int4[1;33m: [32mSuccess!![0m
Running test for [1;33mTestfk::SaturateCast_fk::Ulong4_fk::Long4[1;33m: [32mSuccess!![0m
Running test for [1;33mTestfk::SaturateCast_fk::Ulong4_fk::Longlong4[1;33m: [32mSuccess!![0m
Running test for [1;33mTestfk::SaturateCast_fk::Ulong4_fk::Short4[1;33m: [32mSuccess!![0m
Running test for [1;33mTestfk::SaturateCast_fk::Ulong4_fk::Uchar4[1;33m: [32mSuccess!![0m
Running test for [1;33mTestfk::SaturateCast_fk::Ulong4_fk::Uint4[1;33m: [32mSuccess!![0m
Running test for [1;33mTestfk::SaturateCast_fk::Ulong4_fk::Ulong4[1;33m: [32mSuccess!![0m
Running test for [1;33mTestfk::SaturateCast_fk::Ulong4_fk::Ulonglong4[1;33m: [32mSuccess!![0m
Running test for [1;33mTestfk::SaturateCast_fk::Ulong4_fk::Ushort4[1;33m: [32mSuccess!![0m
Running test for [1;33mTestfk::SaturateCast_fk::Ulonglong1_fk::Char1[1;33m: [32mSuccess!![0m
Running test for [1;33mTestfk::SaturateCast_fk::Ulonglong1_fk::Double1[1;33m: [32mSuccess!![0m
Running test for [1;33mTestfk::SaturateCast_fk::Ulonglong1_fk::Float1[1;33m: [32mSuccess!![0m
Running test for [1;33mTestfk::SaturateCast_fk::Ulonglong1_fk::Int1[1;33m: [32mSuccess!![0m
Running test for [1;33mTestfk::SaturateCast_fk::Ulonglong1_fk::Long1[1;33m: [32mSuccess!![0m
Running test for [1;33mTestfk::SaturateCast_fk::Ulonglong1_fk::Longlong1[1;33m: [32mSuccess!![0m
Running test for [1;33mTestfk::SaturateCast_fk::Ulonglong1_fk::Short1[1;33m: [32mSuccess!![0m
Running test for [1;33mTestfk::SaturateCast_fk::Ulonglong1_fk::Uchar1[1;33m: [32mSuccess!![0m
Running test for [1;33mTestfk::SaturateCast_fk::Ulonglong1_fk::Uint1[1;33m: [32mSuccess!![0m
Running test for [1;33mTestfk::SaturateCast_fk::Ulonglong1_fk::Ulong1[1;33m: [32mSuccess!![0m
Running test for [1;33mTestfk::SaturateCast_fk::Ulonglong1_fk::Ulonglong1[1;33m: [32mSuccess!![0m
Running test for [1;33mTestfk::SaturateCast_fk::Ulonglong1_fk::Ushort1[1;33m: [32mSuccess!![0m
Running test for [1;33mTestfk::SaturateCast_fk::Ulonglong2_fk::Char2[1;33m: [32mSuccess!![0m
Running test for [1;33mTestfk::SaturateCast_fk::Ulonglong2_fk::Double2[1;33m: [32mSuccess!![0m
Running test for [1;33mTestfk::SaturateCast_fk::Ulonglong2_fk::Float2[1;33m: [32mSuccess!![0m
Running test for [1;33mTestfk::SaturateCast_fk::Ulonglong2_fk::Int2[1;33m: [32mSuccess!![0m
Running test for [1;33mTestfk::SaturateCast_fk::Ulonglong2_fk::Long2[1;33m: [32mSuccess!![0m
Running test for [1;33mTestfk::SaturateCast_fk::Ulonglong2_fk::Longlong2[1;33m: [32mSuccess!![0m
Running test for [1;33mTestfk::SaturateCast_fk::Ulonglong2_fk::Short2[1;33m: [32mSuccess!![0m
Running test for [1;33mTestfk::SaturateCast_fk::Ulonglong2_fk::Uchar2[1;33m: [32mSuccess!![0m
Running test for [1;33mTestfk::SaturateCast_fk::Ulonglong2_fk::Uint2[1;33m: [32mSuccess!![0m
Running test for [1;33mTestfk::SaturateCast_fk::Ulonglong2_fk::Ulong2[1;33m: [32mSuccess!![0m
Running test for [1;33mTestfk::SaturateCast_fk::Ulonglong2_fk::Ulonglong2[1;33m: [32mSuccess!![0m
Running test for [1;33mTestfk::SaturateCast_fk::Ulonglong2_fk::Ushort2[1;33m: [32mSuccess!![0m
Running test for [1;33mTestfk::SaturateCast_fk::Ulonglong3_fk::Char3[1;33m: [32mSuccess!![0m
Running test for [1;33mTestfk::SaturateCast_fk::Ulonglong3_fk::Double3[1;33m: [32mSuccess!![0m
Running test for [1;33mTestfk::SaturateCast_fk::Ulonglong3_fk::Float3[1;33m: [32mSuccess!![0m
Running test for [1;33mTestfk::SaturateCast_fk::Ulonglong3_fk::Int3[1;33m: [32mSuccess!![0m
Running test for [1;33mTestfk::SaturateCast_fk::Ulonglong3_fk::Long3[1;33m: [32mSuccess!![0m
Running test for [1;33mTestfk::SaturateCast_fk::Ulonglong3_fk::Longlong3[1;33m: [32mSuccess!![0m
Running test for [1;33mTestfk::SaturateCast_fk::Ulonglong3_fk::Short3[1;33m: [32mSuccess!![0m
Running test for [1;33mTestfk::SaturateCast_fk::Ulonglong3_fk::Uchar3[1;33m: [32mSuccess!![0m
Running test for [1;33mTestfk::SaturateCast_fk::Ulonglong3_fk::Uint3[1;33m: [32mSuccess!![0m
Running test for [1;33mTestfk::SaturateCast_fk::Ulonglong3_fk::Ulong3[1;33m: [32mSuccess!![0m
Running test for [1;33mTestfk::SaturateCast_fk::Ulonglong3_fk::Ulonglong3[1;33m: [32mSuccess!![0m
Running test for [1;33mTestfk::SaturateCast_fk::Ulonglong3_fk::Ushort3[1;33m: [32mSuccess!![0m
Running test for [1;33mTestfk::SaturateCast_fk::Ulonglong4_fk::Char4[1;33m: [32mSuccess!![0m
Running test for [1;33mTestfk::SaturateCast_fk::Ulonglong4_fk::Double4[1;33m: [32mSuccess!![0m
Running test for [1;33mTestfk::SaturateCast_fk::Ulonglong4_fk::Float4[1;33m: [32mSuccess!![0m
Running test for [1;33mTestfk::SaturateCast_fk::Ulonglong4_fk::Int4[1;33m: [32mSuccess!![0m
Running test for [1;33mTestfk::SaturateCast_fk::Ulonglong4_fk::Long4[1;33m: [32mSuccess!![0m
Running test for [1;33mTestfk::SaturateCast_fk::Ulonglong4_fk::Longlong4[1;33m: [32mSuccess!![0m
Running test for [1;33mTestfk::SaturateCast_fk::Ulonglong4_fk::Short4[1;33m: [32mSuccess!![0m
Running test for [1;33mTestfk::SaturateCast_fk::Ulonglong4_fk::Uchar4[1;33m: [32mSuccess!![0m
Running test for [1;33mTestfk::SaturateCast_fk::Ulonglong4_fk::Uint4[1;33m: [32mSuccess!![0m
Running test for [1;33mTestfk::SaturateCast_fk::Ulonglong4_fk::Ulong4[1;33m: [32mSuccess!![0m
Running test for [1;33mTestfk::SaturateCast_fk::Ulonglong4_fk::Ulonglong4[1;33m: [32mSuccess!![0m
Running test for [1;33mTestfk::SaturateCast_fk::Ulonglong4_fk::Ushort4[1;33m: [32mSuccess!![0m
Running test for [1;33mTestfk::SaturateCast_fk::Ushort1_fk::Char1[1;33m: [32mSuccess!![0m
Running test for [1;33mTestfk::SaturateCast_fk::Ushort1_fk::Double1[1;33m: [32mSuccess!![0m
Running test for [1;33mTestfk::SaturateCast_fk::Ushort1_fk::Float1[1;33m: [32mSuccess!![0m
Running test for [1;33mTestfk::SaturateCast_fk::Ushort1_fk::Int1[1;33m: [32mSuccess!![0m
Running test for [1;33mTestfk::SaturateCast_fk::Ushort1_fk::Long1[1;33m: [32mSuccess!![0m
Running test for [1;33mTestfk::SaturateCast_fk::Ushort1_fk::Longlong1[1;33m: [32mSuccess!![0m
Running test for [1;33mTestfk::SaturateCast_fk::Ushort1_fk::Short1[1;33m: [32mSuccess!![0m
Running test for [1;33mTestfk::SaturateCast_fk::Ushort1_fk::Uchar1[1;33m: [32mSuccess!![0m
Running test for [1;33mTestfk::SaturateCast_fk::Ushort1_fk::Uint1[1;33m: [32mSuccess!![0m
Running test for [1;33mTestfk::SaturateCast_fk::Ushort1_fk::Ulong1[1;33m: [32mSuccess!![0m
Running test for [1;33mTestfk::SaturateCast_fk::Ushort1_fk::Ulonglong1[1;33m: [32mSuccess!![0m
Running test for [1;33mTestfk::SaturateCast_fk::Ushort1_fk::Ushort1[1;33m: [32mSuccess!![0m
Running test for [1;33mTestfk::SaturateCast_fk::Ushort2_fk::Char2[1;33m: [32mSuccess!![0m
Running test for [1;33mTestfk::SaturateCast_fk::Ushort2_fk::Double2[1;33m: [32mSuccess!![0m
Running test for [1;33mTestfk::SaturateCast_fk::Ushort2_fk::Float2[1;33m: [32mSuccess!![0m
Running test for [1;33mTestfk::SaturateCast_fk::Ushort2_fk::Int2[1;33m: [32mSuccess!![0m
Running test for [1;33mTestfk::SaturateCast_fk::Ushort2_fk::Long2[1;33m: [32mSuccess!![0m
Running test for [1;33mTestfk::SaturateCast_fk::Ushort2_fk::Longlong2[1;33m: [32mSuccess!![0m
Running test for [1;33mTestfk::SaturateCast_fk::Ushort2_fk::Short2[1;33m: [32mSuccess!![0m
Running test for [1;33mTestfk::SaturateCast_fk::Ushort2_fk::Uchar2[1;33m: [32mSuccess!![0m
Running test for [1;33mTestfk::SaturateCast_fk::Ushort2_fk::Uint2[1;33m: [32mSuccess!![0m
Running test for [1;33mTestfk::SaturateCast_fk::Ushort2_fk::Ulong2[1;33m: [32mSuccess!![0m
Running test for [1;33mTestfk::SaturateCast_fk::Ushort2_fk::Ulonglong2[1;33m: [32mSuccess!![0m
Running test for [1;33mTestfk::SaturateCast_fk::Ushort2_fk::Ushort2[1;33m: [32mSuccess!![0m
Running test for [1;33mTestfk::SaturateCast_fk::Ushort3_fk::Char3[1;33m: [32mSuccess!![0m
Running test for [1;33mTestfk::SaturateCast_fk::Ushort3_fk::Double3[1;33m: [32mSuccess!![0m
Running test for [1;33mTestfk::SaturateCast_fk::Ushort3_fk::Float3[1;33m: [32mSuccess!![0m
Running test for [1;33mTestfk::SaturateCast_fk::Ushort3_fk::Int3[1;33m: [32mSuccess!![0m
Running test for [1;33mTestfk::SaturateCast_fk::Ushort3_fk::Long3[1;33m: [32mSuccess!![0m
Running test for [1;33mTestfk::SaturateCast_fk::Ushort3_fk::Longlong3[1;33m: [32mSuccess!![0m
Running test for [1;33mTestfk::SaturateCast_fk::Ushort3_fk::Short3[1;33m: [32mSuccess!![0m
Running test for [1;33mTestfk::SaturateCast_fk::Ushort3_fk::Uchar3[1;33m: [32mSuccess!![0m
Running test for [1;33mTestfk::SaturateCast_fk::Ushort3_fk::Uint3[1;33m: [32mSuccess!![0m
Running test for [1;33mTestfk::SaturateCast_fk::Ushort3_fk::Ulong3[1;33m: [32mSuccess!![0m
Running test for [1;33mTestfk::SaturateCast_fk::Ushort3_fk::Ulonglong3[1;33m: [32mSuccess!![0m
Running test for [1;33mTestfk::SaturateCast_fk::Ushort3_fk::Ushort3[1;33m: [32mSuccess!![0m
Running test for [1;33mTestfk::SaturateCast_fk::Ushort4_fk::Char4[1;33m: [32mSuccess!![0m
Running test for [1;33mTestfk::SaturateCast_fk::Ushort4_fk::Double4[1;33m: [32mSuccess!![0m
Running test for [1;33mTestfk::SaturateCast_fk::Ushort4_fk::Float4[1;33m: [32mSuccess!![0m
Running test for [1;33mTestfk::SaturateCast_fk::Ushort4_fk::Int4[1;33m: [32mSuccess!![0m
Running test for [1;33mTestfk::SaturateCast_fk::Ushort4_fk::Long4[1;33m: [32mSuccess!![0m
Running test for [1;33mTestfk::SaturateCast_fk::Ushort4_fk::Longlong4[1;33m: [32mSuccess!![0m
Running test for [1;33mTestfk::SaturateCast_fk::Ushort4_fk::Short4[1;33m: [32mSuccess!![0m
Running test for [1;33mTestfk::SaturateCast_fk::Ushort4_fk::Uchar4[1;33m: [32mSuccess!![0m
Running test for [1;33mTestfk::SaturateCast_fk::Ushort4_fk::Uint4[1;33m: [32mSuccess!![0m
Running test for [1;33mTestfk::SaturateCast_fk::Ushort4_fk::Ulong4[1;33m: [32mSuccess!![0m
Running test for [1;33mTestfk::SaturateCast_fk::Ushort4_fk::Ulonglong4[1;33m: [32mSuccess!![0m
Running test for [1;33mTestfk::SaturateCast_fk::Ushort4_fk::Ushort4[1;33m: [32mSuccess!![0m
Running test for [1;33mTestfk::SaturateCast_float_char[1;33m: [32mSuccess!![0m
Running test for [1;33mTestfk::SaturateCast_float_double[1;33m: [32mSuccess!![0m
Running test for [1;33mTestfk::SaturateCast_float_float[1;33m: [32mSuccess!![0m
Running test for [1;33mTestfk::SaturateCast_float_int[1;33m: [32mSuccess!![0m
Running test for [1;33mTestfk::SaturateCast_float_long[1;33m: [32mSuccess!![0m
Running test for [1;33mTestfk::SaturateCast_float_long long[1;33m: [32mSuccess!![0m
Running test for [1;33mTestfk::SaturateCast_float_short[1;33m: [32mSuccess!![0m
Running test for [1;33mTestfk::SaturateCast_float_uchar[1;33m: [32mSuccess!![0m
Running test for [1;33mTestfk::SaturateCast_float_uint[1;33m: [32mSuccess!![0m
Running test for [1;33mTestfk::SaturateCast_float_ulong[1;33m: [32mSuccess!![0m
Running test for [1;33mTestfk::SaturateCast_float_unsigned long long[1;33m: [32mSuccess!![0m
Running test for [1;33mTestfk::SaturateCast_float_ushort[1;33m: [32mSuccess!![0m
Running test for [1;33mTestfk::SaturateCast_int_char[1;33m: [32mSuccess!![0m
Running test for [1;33mTestfk::SaturateCast_int_double[1;33m: [32mSuccess!![0m
Running test for [1;33mTestfk::SaturateCast_int_float[1;33m: [32mSuccess!![0m
Running test for [1;33mTestfk::SaturateCast_int_int[1;33m: [32mSuccess!![0m
Running test for [1;33mTestfk::SaturateCast_int_long[1;33m: [32mSuccess!![0m
Running test for [1;33mTestfk::SaturateCast_int_long long[1;33m: [32mSuccess!![0m
Running test for [1;33mTestfk::SaturateCast_int_short[1;33m: [32mSuccess!![0m
Running test for [1;33mTestfk::SaturateCast_int_uchar[1;33m: [32mSuccess!![0m
Running test for [1;33mTestfk::SaturateCast_int_uint[1;33m: [32mSuccess!![0m
Running test for [1;33mTestfk::SaturateCast_int_ulong[1;33m: [32mSuccess!![0m
Running test for [1;33mTestfk::SaturateCast_int_unsigned long long[1;33m: [32mSuccess!![0m
Running test for [1;33mTestfk::SaturateCast_int_ushort[1;33m: [32mSuccess!![0m
Running test for [1;33mTestfk::SaturateCast_long long_char[1;33m: [32mSuccess!![0m
Running test for [1;33mTestfk::SaturateCast_long long_double[1;33m: [32mSuccess!![0m
Running test for [1;33mTestfk::SaturateCast_long long_float[1;33m: [32mSuccess!![0m
Running test for [1;33mTestfk::SaturateCast_long long_int[1;33m: [32mSuccess!![0m
Running test for [1;33mTestfk::SaturateCast_long long_long[1;33m: [32mSuccess!![0m
Running test for [1;33mTestfk::SaturateCast_long long_long long[1;33m: [32mSuccess!![0m
Running test for [1;33mTestfk::SaturateCast_long long_short[1;33m: [32mSuccess!![0m
Running test for [1;33mTestfk::SaturateCast_long long_uchar[1;33m: [32mSuccess!![0m
Running test for [1;33mTestfk::SaturateCast_long long_uint[1;33m: [32mSuccess!![0m
Running test for [1;33mTestfk::SaturateCast_long long_ulong[1;33m: [32mSuccess!![0m
Running test for [1;33mTestfk::SaturateCast_long long_unsigned long long[1;33m: [32mSuccess!![0m
Running test for [1;33mTestfk::SaturateCast_long long_ushort[1;33m: [32mSuccess!![0m
Running test for [1;33mTestfk::SaturateCast_long_char[1;33m: [32mSuccess!![0m
Running test for [1;33mTestfk::SaturateCast_long_double[1;33m: [32mSuccess!![0m
Running test for [1;33mTestfk::SaturateCast_long_float[1;33m: [32mSuccess!![0m
Running test for [1;33mTestfk::SaturateCast_long_int[1;33m: [32mSuccess!![0m
Running test for [1;33mTestfk::SaturateCast_long_long[1;33m: [32mSuccess!![0m
Running test for [1;33mTestfk::SaturateCast_long_long long[1;33m: [32mSuccess!![0m
Running test for [1;33mTestfk::SaturateCast_long_short[1;33m: [32mSuccess!![0m
Running test for [1;33mTestfk::SaturateCast_long_uchar[1;33m: [32mSuccess!![0m
Running test for [1;33mTestfk::SaturateCast_long_uint[1;33m: [32mSuccess!![0m
Running test for [1;33mTestfk::SaturateCast_long_ulong[1;33m: [32mSuccess!![0m
Running test for [1;33mTestfk::SaturateCast_long_unsigned long long[1;33m: [32mSuccess!![0m
Running test for [1;33mTestfk::SaturateCast_long_ushort[1;33m: [32mSuccess!![0m
Running test for [1;33mTestfk::SaturateCast_short_char[1;33m: [32mSuccess!![0m
Running test for [1;33mTestfk::SaturateCast_short_double[1;33m: [32mSuccess!![0m
Running test for [1;33mTestfk::SaturateCast_short_float[1;33m: [32mSuccess!![0m
Running test for [1;33mTestfk::SaturateCast_short_int[1;33m: [32mSuccess!![0m
Running test for [1;33mTestfk::SaturateCast_short_long[1;33m: [32mSuccess!![0m
Running test for [1;33mTestfk::SaturateCast_short_long long[1;33m: [32mSuccess!![0m
Running test for [1;33mTestfk::SaturateCast_short_short[1;33m: [32mSuccess!![0m
Running test for [1;33mTestfk::SaturateCast_short_uchar[1;33m: [32mSuccess!![0m
Running test for [1;33mTestfk::SaturateCast_short_uint[1;33m: [32mSuccess!![0m
Running test for [1;33mTestfk::SaturateCast_short_ulong[1;33m: [32mSuccess!![0m
Running test for [1;33mTestfk::SaturateCast_short_unsigned long long[1;33m: [32mSuccess!![0m
Running test for [1;33mTestfk::SaturateCast_short_ushort[1;33m: [32mSuccess!![0m
Running test for [1;33mTestfk::SaturateCast_uchar_char[1;33m: [32mSuccess!![0m
Running test for [1;33mTestfk::SaturateCast_uchar_double[1;33m: [32mSuccess!![0m
Running test for [1;33mTestfk::SaturateCast_uchar_float[1;33m: [32mSuccess!![0m
Running test for [1;33mTestfk::SaturateCast_uchar_int[1;33m: [32mSuccess!![0m
Running test for [1;33mTestfk::SaturateCast_uchar_long[1;33m: [32mSuccess!![0m
Running test for [1;33mTestfk::SaturateCast_uchar_long long[1;33m: [32mSuccess!![0m
Running test for [1;33mTestfk::SaturateCast_uchar_short[1;33m: [32mSuccess!![0m
Running test for [1;33mTestfk::SaturateCast_uchar_uchar[1;33m: [32mSuccess!![0m
Running test for [1;33mTestfk::SaturateCast_uchar_uint[1;33m: [32mSuccess!![0m
Running test for [1;33mTestfk::SaturateCast_uchar_ulong[1;33m: [32mSuccess!![0m
Running test for [1;33mTestfk::SaturateCast_uchar_unsigned long long[1;33m: [32mSuccess!![0m
Running test for [1;33mTestfk::SaturateCast_uchar_ushort[1;33m: [32mSuccess!![0m
Running test for [1;33mTestfk::SaturateCast_uint_char[1;33m: [32mSuccess!![0m
Running test for [1;33mTestfk::SaturateCast_uint_double[1;33m: [32mSuccess!![0m
Running test for [1;33mTestfk::SaturateCast_uint_float[1;33m: [32mSuccess!![0m
Running test for [1;33mTestfk::SaturateCast_uint_int[1;33m: [32mSuccess!![0m
Running test for [1;33mTestfk::SaturateCast_uint_long[1;33m: [32mSuccess!![0m
Running test for [1;33mTestfk::SaturateCast_uint_long long[1;33m: [32mSuccess!![0m
Running test for [1;33mTestfk::SaturateCast_uint_short[1;33m: [32mSuccess!![0m
Running test for [1;33mTestfk::SaturateCast_uint_uchar[1;33m: [32mSuccess!![0m
Running test for [1;33mTestfk::SaturateCast_uint_uint[1;33m: [32mSuccess!![0m
Running test for [1;33mTestfk::SaturateCast_uint_ulong[1;33m: [32mSuccess!![0m
Running test for [1;33mTestfk::SaturateCast_uint_unsigned long long[1;33m: [32mSuccess!![0m
Running test for [1;33mTestfk::SaturateCast_uint_ushort[1;33m: [32mSuccess!![0m
Running test for [1;33mTestfk::SaturateCast_ulong_char[1;33m: [32mSuccess!![0m
Running test for [1;33mTestfk::SaturateCast_ulong_double[1;33m: [32mSuccess!![0m
Running test for [1;33mTestfk::SaturateCast_ulong_float[1;33m: [32mSuccess!![0m
Running test for [1;33mTestfk::SaturateCast_ulong_int[1;33m: [32mSuccess!![0m
Running test for [1;33mTestfk::SaturateCast_ulong_long[1;33m: [32mSuccess!![0m
Running test for [1;33mTestfk::SaturateCast_ulong_long long[1;33m: [32mSuccess!![0m
Running test for [1;33mTestfk::SaturateCast_ulong_short[1;33m: [32mSuccess!![0m
Running test for [1;33mTestfk::SaturateCast_ulong_uchar[1;33m: [32mSuccess!![0m
Running test for [1;33mTestfk::SaturateCast_ulong_uint[1;33m: [32mSuccess!![0m
Running test for [1;33mTestfk::SaturateCast_ulong_ulong[1;33m: [32mSuccess!![0m
Running test for [1;33mTestfk::SaturateCast_ulong_unsigned long long[1;33m: [32mSuccess!![0m
Running test for [1;33mTestfk::SaturateCast_ulong_ushort[1;33m: [32mSuccess!![0m
Running test for [1;33mTestfk::SaturateCast_unsigned long long_char[1;33m: [32mSuccess!![0m
Running test for [1;33mTestfk::SaturateCast_unsigned long long_double[1;33m: [32mSuccess!![0m
Running test for [1;33mTestfk::SaturateCast_unsigned long long_float[1;33m: [32mSuccess!![0m
Running test for [1;33mTestfk::SaturateCast_unsigned long long_int[1;33m: [32mSuccess!![0m
Running test for [1;33mTestfk::SaturateCast_unsigned long long_long[1;33m: [32mSuccess!![0m
Running test for [1;33mTestfk::SaturateCast_unsigned long long_long long[1;33m: [32mSuccess!![0m
Running test for [1;33mTestfk::SaturateCast_unsigned long long_short[1;33m: [32mSuccess!![0m
Running test for [1;33mTestfk::SaturateCast_unsigned long long_uchar[1;33m: [32mSuccess!![0m
Running test for [1;33mTestfk::SaturateCast_unsigned long long_uint[1;33m: [32mSuccess!![0m
Running test for [1;33mTestfk::SaturateCast_unsigned long long_ulong[1;33m: [32mSuccess!![0m
Running test for [1;33mTestfk::SaturateCast_unsigned long long_unsigned long long[1;33m: [32mSuccess!![0m
Running test for [1;33mTestfk::SaturateCast_unsigned long long_ushort[1;33m: [32mSuccess!![0m
Running test for [1;33mTestfk::SaturateCast_ushort_char[1;33m: [32mSuccess!![0m
Running test for [1;33mTestfk::SaturateCast_ushort_double[1;33m: [32mSuccess!![0m
Running test for [1;33mTestfk::SaturateCast_ushort_float[1;33m: [32mSuccess!![0m
Running test for [1;33mTestfk::SaturateCast_ushort_int[1;33m: [32mSuccess!![0m
Running test for [1;33mTestfk::SaturateCast_ushort_long[1;33m: [32mSuccess!![0m
Running test for [1;33mTestfk::SaturateCast_ushort_long long[1;33m: [32mSuccess!![0m
Running test for [1;33mTestfk::SaturateCast_ushort_short[1;33m: [32mSuccess!![0m
Running test for [1;33mTestfk::SaturateCast_ushort_uchar[1;33m: [32mSuccess!![0m
Running test for [1;33mTestfk::SaturateCast_ushort_uint[1;33m: [32mSuccess!![0m
Running test for [1;33mTestfk::SaturateCast_ushort_ulong[1;33m: [32mSuccess!![0m
Running test for [1;33mTestfk::SaturateCast_ushort_unsigned long long[1;33m: [32mSuccess!![0m
Running test for [1;33mTestfk::SaturateCast_ushort_ushort[1;33m: [32mSuccess!![0m
<end of output>
Test time =   0.01 sec
----------------------------------------------------------
Test Passed.
"test_saturate_cpp" end time: Jun 19 09:56 UTC
"test_saturate_cpp" time elapsed: 00:00:00
----------------------------------------------------------

End testing: Jun 19 09:56 UTC
